2025-06-10 10:36:12,829 - INFO - DDL executed (e.g., trigger/table created or dropped)
2025-06-10 10:36:12,837 - INFO - DDL executed (e.g., trigger/table created or dropped)
2025-06-10 10:38:07,856 - ERROR - Error executing DML: (1644, 'Salary must at least be 50')
2025-06-10 10:41:50,352 - INFO - DDL executed (e.g., trigger/table created or dropped)
2025-06-10 10:45:29,604 - INFO - DDL executed (e.g., trigger/table created or dropped)
2025-06-10 10:45:29,613 - INFO - DDL executed (e.g., trigger/table created or dropped)
2025-06-10 10:46:35,279 - INFO - DML query executed (insert/update/delete)
2025-06-10 10:47:02,202 - INFO - SELECT query executed
2025-06-10 10:50:20,262 - INFO - SELECT query executed
2025-06-10 10:50:22,965 - ERROR - Error executing DML: (1062, "Duplicate entry '102' for key 'emp.PRIMARY'")
2025-06-10 10:50:38,923 - INFO - DML query executed (insert/update/delete)
2025-06-10 10:50:41,344 - INFO - SELECT query executed
2025-06-10 10:53:34,797 - INFO - DDL executed (e.g., trigger/table created or dropped)
2025-06-10 10:59:08,869 - INFO - DDL executed (e.g., trigger/table created or dropped)
2025-06-10 10:59:08,871 - ERROR - Error executing DDL: (1064, "You have an error in your SQL syntax; check the manual that corresponds to your MySQL server version for the right syntax to use near 'query' at line 1")
2025-06-10 10:59:47,558 - INFO - DDL executed (e.g., trigger/table created or dropped)
2025-06-10 10:59:47,558 - ERROR - Error executing DDL: (1064, "You have an error in your SQL syntax; check the manual that corresponds to your MySQL server version for the right syntax to use near 'END IF;\nEND' at line 8")
2025-06-10 10:59:56,879 - INFO - DDL executed (e.g., trigger/table created or dropped)
2025-06-10 10:59:56,879 - ERROR - Error executing DDL: (1064, "You have an error in your SQL syntax; check the manual that corresponds to your MySQL server version for the right syntax to use near 'END IF;\nEND' at line 8")
2025-06-10 11:05:27,157 - INFO - DDL executed (e.g., trigger/table created or dropped)
2025-06-10 11:05:29,074 - ERROR - Error executing DDL: (1064, "You have an error in your SQL syntax; check the manual that corresponds to your MySQL server version for the right syntax to use near 'END IF;\nEND' at line 8")
2025-06-10 11:05:39,900 - INFO - DDL executed (e.g., trigger/table created or dropped)
2025-06-10 11:06:39,373 - INFO - DML query executed (insert/update/delete)
2025-06-10 11:07:03,088 - INFO - SELECT query executed
2025-06-10 11:12:31,462 - INFO - DDL executed (e.g., trigger/table created or dropped)
2025-06-10 11:12:48,135 - INFO - DDL executed (e.g., trigger/table created or dropped)
2025-06-10 11:12:50,975 - INFO - SELECT query executed
2025-06-10 11:12:53,362 - INFO - DML query executed (insert/update/delete)
2025-06-10 11:12:55,483 - INFO - SELECT query executed
2025-06-10 11:14:23,542 - INFO - DDL executed (e.g., trigger/table created or dropped)
2025-06-10 11:16:40,720 - INFO - DDL executed (e.g., trigger/table created or dropped)
2025-06-10 11:17:44,027 - ERROR - Error executing DML: (1644, 'Salary cannot be increased more than 2 times the current salary')
2025-06-10 11:17:54,979 - INFO - DML query executed (insert/update/delete)
2025-06-10 11:18:15,148 - INFO - SELECT query executed
2025-06-10 11:20:16,213 - INFO - DDL executed (e.g., trigger/table created or dropped)
2025-06-10 11:22:19,232 - ERROR - Error executing DDL: (1064, "You have an error in your SQL syntax; check the manual that corresponds to your MySQL server version for the right syntax to use near 'exists prevent_fin_emp_deletion\nbefore delete on emp\nfor each row\nBEGIN\n    If O' at line 1")
2025-06-10 11:23:02,734 - ERROR - Error executing DDL: (1064, "You have an error in your SQL syntax; check the manual that corresponds to your MySQL server version for the right syntax to use near '= '45000'\n        SET MESSAGE_TEXT = 'You cannot delete an emp from finance dept' at line 6")
2025-06-10 11:23:19,727 - INFO - DDL executed (e.g., trigger/table created or dropped)
2025-06-10 11:23:20,636 - ERROR - Error executing DDL: (1064, "You have an error in your SQL syntax; check the manual that corresponds to your MySQL server version for the right syntax to use near '= '45000'\n        SET MESSAGE_TEXT = 'You cannot delete an emp from finance dept' at line 6")
2025-06-10 11:23:56,394 - INFO - DDL executed (e.g., trigger/table created or dropped)
2025-06-10 11:25:00,395 - ERROR - Error executing DML: (1644, 'You cannot delete an emp from finance dept')
2025-06-10 11:25:23,332 - INFO - DML query executed (insert/update/delete)
2025-06-10 11:35:32,630 - INFO - DML query executed (insert/update/delete)
2025-06-10 11:36:03,408 - INFO - DDL executed (e.g., trigger/table created or dropped)
2025-06-10 11:36:30,440 - INFO - DML query executed (insert/update/delete)
2025-06-10 11:36:50,872 - INFO - DDL executed (e.g., trigger/table created or dropped)
2025-06-10 11:37:01,640 - ERROR - Error executing DDL: (1064, "You have an error in your SQL syntax; check the manual that corresponds to your MySQL server version for the right syntax to use near '|' at line 1")
2025-06-10 11:37:08,231 - INFO - DDL executed (e.g., trigger/table created or dropped)
2025-06-10 11:38:05,800 - INFO - DDL executed (e.g., trigger/table created or dropped)
2025-06-10 11:38:20,294 - INFO - DML query executed (insert/update/delete)
2025-06-10 11:38:35,970 - INFO - DML query executed (insert/update/delete)
2025-06-10 11:38:55,356 - INFO - DML query executed (insert/update/delete)
2025-06-10 11:39:34,863 - ERROR - Error executing DML: (1146, "Table 'stdcourse_db.log_deleted_dept' doesn't exist")
2025-06-10 11:40:02,030 - INFO - DML query executed (insert/update/delete)
2025-06-10 11:40:07,186 - INFO - DML query executed (insert/update/delete)
2025-06-10 11:40:09,686 - INFO - DML query executed (insert/update/delete)
2025-06-10 11:40:23,435 - INFO - DML query executed (insert/update/delete)
2025-06-10 11:40:36,342 - INFO - SELECT query executed
2025-06-10 11:40:41,005 - INFO - SELECT query executed
