2025-06-18 18:20:32,351 - INFO - Database engine created successfully
2025-06-18 18:20:32,539 - INFO - Starting up...
2025-06-18 18:20:32,550 - INFO - Database tables created or already exist.
2025-06-18 18:20:32,568 - INFO - Retrieved 40 categories from database.
2025-06-18 18:20:32,568 - INFO - Found 40 existing categories.
2025-06-18 18:20:32,568 - WARNING - Scheduler disabled — products will only generate manually
2025-06-18 18:21:25,397 - INFO - Shutting down...
2025-06-18 18:21:26,243 - INFO - Database engine created successfully
2025-06-18 18:21:26,391 - INFO - Starting up...
2025-06-18 18:21:26,400 - INFO - Database tables created or already exist.
2025-06-18 18:21:26,415 - INFO - Retrieved 40 categories from database.
2025-06-18 18:21:26,415 - INFO - Found 40 existing categories.
2025-06-18 18:21:26,426 - INFO - Scheduler is enabled.
2025-06-18 18:21:26,428 - INFO - Adding job tentatively -- it will be properly scheduled when the scheduler starts
2025-06-18 18:21:26,428 - INFO - Adding job tentatively -- it will be properly scheduled when the scheduler starts
2025-06-18 18:21:26,428 - INFO - Adding job tentatively -- it will be properly scheduled when the scheduler starts
2025-06-18 18:21:26,430 - INFO - Added job "scheduled_generate_product" to job store "default"
2025-06-18 18:21:26,430 - INFO - Added job "scheduled_price_update" to job store "default"
2025-06-18 18:21:26,430 - INFO - Added job "scheduled_stock_update" to job store "default"
2025-06-18 18:21:26,430 - INFO - Scheduler started
2025-06-18 18:21:26,431 - INFO - Scheduler jobs started.
2025-06-18 18:21:56,441 - INFO - Running job "scheduled_generate_product (trigger: interval[0:00:30], next run at: 2025-06-18 18:21:56 IST)" (scheduled at 2025-06-18 18:21:56.428076+05:30)
2025-06-18 18:21:56,441 - INFO - Retrieved 40 categories from database.
2025-06-18 18:21:56,441 - INFO - Generating 28 new products...
2025-06-18 18:21:56,441 - INFO - Generating 28 product(s)...
2025-06-18 18:21:56,473 - INFO - Successfully created 28 products.
2025-06-18 18:21:56,473 - INFO - Job "scheduled_generate_product (trigger: interval[0:00:30], next run at: 2025-06-18 18:22:26 IST)" executed successfully
2025-06-18 18:22:26,434 - INFO - Running job "scheduled_generate_product (trigger: interval[0:00:30], next run at: 2025-06-18 18:22:56 IST)" (scheduled at 2025-06-18 18:22:26.428076+05:30)
2025-06-18 18:22:26,435 - INFO - Running job "scheduled_price_update (trigger: interval[0:01:00], next run at: 2025-06-18 18:22:26 IST)" (scheduled at 2025-06-18 18:22:26.428076+05:30)
2025-06-18 18:22:26,439 - INFO - Retrieved 40 categories from database.
2025-06-18 18:22:26,440 - INFO - Generating 31 new products...
2025-06-18 18:22:26,441 - INFO - Generating 31 product(s)...
2025-06-18 18:22:26,506 - INFO - Successfully created 31 products.
2025-06-18 18:22:26,506 - INFO - Job "scheduled_generate_product (trigger: interval[0:00:30], next run at: 2025-06-18 18:22:56 IST)" executed successfully
2025-06-18 18:22:26,720 - INFO - Retrieved 8361 products
2025-06-18 18:22:26,720 - INFO - Updating product prices...
2025-06-18 18:22:26,720 - INFO - Starting batch price update...
2025-06-18 18:22:26,754 - INFO - Price updated for Product ID 6950 from ₹108.57 to ₹97.07
2025-06-18 18:22:26,776 - INFO - Price updated for Product ID 3027 from ₹300.23 to ₹355.14
2025-06-18 18:22:26,792 - INFO - Price updated for Product ID 4682 from ₹117.48 to ₹99.29
2025-06-18 18:22:26,804 - INFO - Price updated for Product ID 8081 from ₹544.39 to ₹629.06
2025-06-18 18:22:26,837 - INFO - Price updated for Product ID 7973 from ₹208.36 to ₹206.23
2025-06-18 18:22:26,857 - INFO - Price updated for Product ID 870 from ₹238.57 to ₹267.48
2025-06-18 18:22:26,877 - INFO - Price updated for Product ID 1738 from ₹157.96 to ₹171.56
2025-06-18 18:22:26,886 - INFO - Price updated for Product ID 6312 from ₹1071.75 to ₹970.79
2025-06-18 18:22:26,917 - INFO - Price updated for Product ID 1443 from ₹157.31 to ₹128.82
2025-06-18 18:22:26,938 - INFO - Price updated for Product ID 4768 from ₹54.13 to ₹57.42
2025-06-18 18:22:26,958 - INFO - Price updated for Product ID 6870 from ₹445.63 to ₹456.38
2025-06-18 18:22:26,976 - INFO - Price updated for Product ID 4321 from ₹169.18 to ₹171.46
2025-06-18 18:22:26,986 - INFO - Price updated for Product ID 1289 from ₹89.7 to ₹92.58
2025-06-18 18:22:27,018 - INFO - Price updated for Product ID 5431 from ₹133.69 to ₹121.09
2025-06-18 18:22:27,040 - INFO - Price updated for Product ID 7170 from ₹1249.08 to ₹1000.8
2025-06-18 18:22:27,059 - INFO - Price updated for Product ID 7096 from ₹232.47 to ₹206.06
2025-06-18 18:22:27,070 - INFO - Price updated for Product ID 2284 from ₹18.45 to ₹16.05
2025-06-18 18:22:27,101 - INFO - Price updated for Product ID 7826 from ₹477.98 to ₹462.92
2025-06-18 18:22:27,121 - INFO - Price updated for Product ID 1678 from ₹214.14 to ₹218.81
2025-06-18 18:22:27,142 - INFO - Price updated for Product ID 4393 from ₹258.71 to ₹293.28
2025-06-18 18:22:27,164 - INFO - Price updated for Product ID 3153 from ₹273.42 to ₹244.63
2025-06-18 18:22:27,182 - INFO - Price updated for Product ID 7417 from ₹69.49 to ₹81.0
2025-06-18 18:22:27,204 - INFO - Price updated for Product ID 109 from ₹65.39 to ₹64.68
2025-06-18 18:22:27,225 - INFO - Price updated for Product ID 7706 from ₹185.37 to ₹176.27
2025-06-18 18:22:27,251 - INFO - Price updated for Product ID 6531 from ₹246.57 to ₹274.63
2025-06-18 18:22:27,294 - INFO - Price updated for Product ID 895 from ₹237.35 to ₹201.73
2025-06-18 18:22:27,319 - INFO - Price updated for Product ID 5188 from ₹223.17 to ₹202.87
2025-06-18 18:22:27,338 - INFO - Price updated for Product ID 6053 from ₹1746.14 to ₹2065.33
2025-06-18 18:22:27,357 - INFO - Price updated for Product ID 2507 from ₹160.04 to ₹160.5
2025-06-18 18:22:27,369 - INFO - Price updated for Product ID 220 from ₹167.64 to ₹200.91
2025-06-18 18:22:27,393 - INFO - Price updated for Product ID 6052 from ₹1365.06 to ₹1429.27
2025-06-18 18:22:27,419 - INFO - Price updated for Product ID 1505 from ₹251.34 to ₹216.64
2025-06-18 18:22:27,440 - INFO - Price updated for Product ID 4368 from ₹187.82 to ₹191.21
2025-06-18 18:22:27,455 - INFO - Price updated for Product ID 4298 from ₹48.11 to ₹47.04
2025-06-18 18:22:27,470 - INFO - Price updated for Product ID 5279 from ₹98.01 to ₹80.77
2025-06-18 18:22:27,503 - INFO - Price updated for Product ID 6221 from ₹2101.68 to ₹2424.0
2025-06-18 18:22:27,523 - INFO - Price updated for Product ID 4406 from ₹183.63 to ₹177.36
2025-06-18 18:22:27,543 - INFO - Price updated for Product ID 2484 from ₹61.77 to ₹57.27
2025-06-18 18:22:27,563 - INFO - Price updated for Product ID 708 from ₹66.67 to ₹67.17
2025-06-18 18:22:27,577 - INFO - Price updated for Product ID 2805 from ₹228.69 to ₹250.31
2025-06-18 18:22:27,605 - INFO - Price updated for Product ID 181 from ₹251.06 to ₹288.53
2025-06-18 18:22:27,624 - INFO - Price updated for Product ID 4788 from ₹200.54 to ₹193.27
2025-06-18 18:22:27,642 - INFO - Price updated for Product ID 3490 from ₹206.44 to ₹213.5
2025-06-18 18:22:27,653 - INFO - Price updated for Product ID 4097 from ₹203.46 to ₹168.16
2025-06-18 18:22:27,671 - INFO - Price updated for Product ID 6434 from ₹640.47 to ₹585.61
2025-06-18 18:22:27,705 - INFO - Price updated for Product ID 7101 from ₹121.16 to ₹129.43
2025-06-18 18:22:27,725 - INFO - Price updated for Product ID 2883 from ₹1487.76 to ₹1465.18
2025-06-18 18:22:27,742 - INFO - Price updated for Product ID 2904 from ₹161.19 to ₹178.05
2025-06-18 18:22:27,753 - INFO - Price updated for Product ID 3173 from ₹76.71 to ₹66.14
2025-06-18 18:22:27,771 - INFO - Price updated for Product ID 3279 from ₹40.93 to ₹34.04
2025-06-18 18:22:27,802 - INFO - Price updated for Product ID 5613 from ₹230.65 to ₹257.36
2025-06-18 18:22:27,822 - INFO - Price updated for Product ID 5437 from ₹173.3 to ₹201.1
2025-06-18 18:22:27,843 - INFO - Price updated for Product ID 6212 from ₹42.44 to ₹45.37
2025-06-18 18:22:27,860 - INFO - Price updated for Product ID 215 from ₹62.77 to ₹50.99
2025-06-18 18:22:27,871 - INFO - Price updated for Product ID 6777 from ₹322.12 to ₹278.13
2025-06-18 18:22:27,904 - INFO - Price updated for Product ID 5241 from ₹136.51 to ₹130.65
2025-06-18 18:22:27,923 - INFO - Price updated for Product ID 517 from ₹182.04 to ₹158.45
2025-06-18 18:22:27,942 - INFO - Price updated for Product ID 1813 from ₹116.94 to ₹136.93
2025-06-18 18:22:27,952 - INFO - Price updated for Product ID 7493 from ₹11.67 to ₹11.68
2025-06-18 18:22:27,969 - INFO - Price updated for Product ID 5927 from ₹214.39 to ₹202.51
2025-06-18 18:22:28,001 - INFO - Price updated for Product ID 5513 from ₹61.59 to ₹62.68
2025-06-18 18:22:28,026 - INFO - Price updated for Product ID 361 from ₹303.74 to ₹275.76
2025-06-18 18:22:28,042 - INFO - Price updated for Product ID 832 from ₹324.42 to ₹275.52
2025-06-18 18:22:28,054 - INFO - Price updated for Product ID 2978 from ₹137.14 to ₹138.79
2025-06-18 18:22:28,086 - INFO - Price updated for Product ID 120 from ₹7.49 to ₹6.69
2025-06-18 18:22:28,104 - INFO - Price updated for Product ID 2191 from ₹14.13 to ₹12.67
2025-06-18 18:22:28,123 - INFO - Price updated for Product ID 5795 from ₹235.22 to ₹199.08
2025-06-18 18:22:28,143 - INFO - Price updated for Product ID 5365 from ₹202.18 to ₹179.67
2025-06-18 18:22:28,161 - INFO - Price updated for Product ID 3847 from ₹209.28 to ₹251.04
2025-06-18 18:22:28,176 - INFO - Price updated for Product ID 5100 from ₹997.07 to ₹941.09
2025-06-18 18:22:28,202 - INFO - Price updated for Product ID 6850 from ₹223.55 to ₹217.23
2025-06-18 18:22:28,222 - INFO - Price updated for Product ID 5006 from ₹97.2 to ₹85.07
2025-06-18 18:22:28,242 - INFO - Price updated for Product ID 7486 from ₹958.23 to ₹1045.08
2025-06-18 18:22:28,253 - INFO - Price updated for Product ID 4339 from ₹1833.76 to ₹1488.59
2025-06-18 18:22:28,282 - INFO - Price updated for Product ID 3019 from ₹77.47 to ₹69.73
2025-06-18 18:22:28,302 - INFO - Price updated for Product ID 6262 from ₹193.26 to ₹196.12
2025-06-18 18:22:28,324 - INFO - Price updated for Product ID 3802 from ₹299.58 to ₹328.09
2025-06-18 18:22:28,342 - INFO - Price updated for Product ID 5449 from ₹153.87 to ₹144.79
2025-06-18 18:22:28,353 - INFO - Price updated for Product ID 6409 from ₹319.4 to ₹318.24
2025-06-18 18:22:28,371 - INFO - Price updated for Product ID 6271 from ₹280.43 to ₹333.41
2025-06-18 18:22:28,402 - INFO - Price updated for Product ID 2552 from ₹113.12 to ₹114.42
2025-06-18 18:22:28,424 - INFO - Price updated for Product ID 7077 from ₹1183.05 to ₹1257.52
2025-06-18 18:22:28,437 - INFO - Price updated for Product ID 4625 from ₹225.98 to ₹190.97
2025-06-18 18:22:28,459 - INFO - Price updated for Product ID 1341 from ₹288.9 to ₹334.4
2025-06-18 18:22:28,475 - INFO - Price updated for Product ID 600 from ₹20.55 to ₹19.28
2025-06-18 18:22:28,504 - INFO - Price updated for Product ID 4195 from ₹27.01 to ₹21.62
2025-06-18 18:22:28,525 - INFO - Price updated for Product ID 3313 from ₹312.77 to ₹365.12
2025-06-18 18:22:28,542 - INFO - Price updated for Product ID 6980 from ₹31.12 to ₹32.24
2025-06-18 18:22:28,565 - INFO - Price updated for Product ID 5243 from ₹249.76 to ₹292.22
2025-06-18 18:22:28,586 - INFO - Price updated for Product ID 3290 from ₹12.43 to ₹11.57
2025-06-18 18:22:28,607 - INFO - Price updated for Product ID 2813 from ₹54.4 to ₹57.11
2025-06-18 18:22:28,626 - INFO - Price updated for Product ID 6632 from ₹231.15 to ₹236.67
2025-06-18 18:22:28,636 - INFO - Price updated for Product ID 3236 from ₹389.14 to ₹435.45
2025-06-18 18:22:28,654 - INFO - Price updated for Product ID 511 from ₹150.65 to ₹151.75
2025-06-18 18:22:28,687 - INFO - Price updated for Product ID 4019 from ₹39.2 to ₹44.95
2025-06-18 18:22:28,707 - INFO - Price updated for Product ID 536 from ₹653.98 to ₹773.41
2025-06-18 18:22:28,727 - INFO - Price updated for Product ID 33 from ₹200.95 to ₹169.76
2025-06-18 18:22:28,738 - INFO - Price updated for Product ID 934 from ₹61.01 to ₹56.1
2025-06-18 18:22:28,768 - INFO - Price updated for Product ID 5873 from ₹132.14 to ₹133.46
2025-06-18 18:22:28,789 - INFO - Price updated for Product ID 897 from ₹387.15 to ₹320.93
2025-06-18 18:22:28,808 - INFO - Price updated for Product ID 2334 from ₹370.81 to ₹378.83
2025-06-18 18:22:28,825 - INFO - Price updated for Product ID 1592 from ₹203.17 to ₹175.41
2025-06-18 18:22:28,836 - INFO - Price updated for Product ID 156 from ₹365.65 to ₹324.63
2025-06-18 18:22:28,867 - INFO - Price updated for Product ID 8351 from ₹151.09 to ₹148.02
2025-06-18 18:22:28,888 - INFO - Price updated for Product ID 5339 from ₹174.08 to ₹140.02
2025-06-18 18:22:28,908 - INFO - Price updated for Product ID 5816 from ₹270.91 to ₹305.95
2025-06-18 18:22:28,926 - INFO - Price updated for Product ID 7120 from ₹1391.88 to ₹1481.78
2025-06-18 18:22:28,936 - INFO - Price updated for Product ID 1021 from ₹281.88 to ₹254.14
2025-06-18 18:22:28,956 - INFO - Price updated for Product ID 950 from ₹198.25 to ₹198.84
2025-06-18 18:22:28,988 - INFO - Price updated for Product ID 1199 from ₹138.38 to ₹113.34
2025-06-18 18:22:29,007 - INFO - Price updated for Product ID 7234 from ₹132.22 to ₹110.43
2025-06-18 18:22:29,028 - INFO - Price updated for Product ID 3751 from ₹213.15 to ₹198.71
2025-06-18 18:22:29,038 - INFO - Price updated for Product ID 105 from ₹176.59 to ₹174.05
2025-06-18 18:22:29,073 - INFO - Price updated for Product ID 7494 from ₹103.66 to ₹105.31
2025-06-18 18:22:29,092 - INFO - Price updated for Product ID 3023 from ₹227.42 to ₹214.12
2025-06-18 18:22:29,109 - INFO - Price updated for Product ID 281 from ₹231.91 to ₹204.68
2025-06-18 18:22:29,120 - INFO - Price updated for Product ID 6455 from ₹958.86 to ₹996.44
2025-06-18 18:22:29,139 - INFO - Price updated for Product ID 2835 from ₹517.11 to ₹546.8
2025-06-18 18:22:29,204 - INFO - Price updated for Product ID 4671 from ₹84.52 to ₹75.51
2025-06-18 18:22:29,223 - INFO - Price updated for Product ID 7393 from ₹85.48 to ₹90.0
2025-06-18 18:22:29,242 - INFO - Price updated for Product ID 2494 from ₹66.57 to ₹71.03
2025-06-18 18:22:29,252 - INFO - Price updated for Product ID 2168 from ₹2197.66 to ₹2160.69
2025-06-18 18:22:29,271 - INFO - Price updated for Product ID 1408 from ₹224.4 to ₹213.73
2025-06-18 18:22:29,289 - INFO - Price updated for Product ID 1508 from ₹2074.04 to ₹1881.35
2025-06-18 18:22:29,320 - INFO - Price updated for Product ID 268 from ₹369.17 to ₹301.55
2025-06-18 18:22:29,340 - INFO - Price updated for Product ID 2704 from ₹356.65 to ₹423.45
2025-06-18 18:22:29,358 - INFO - Price updated for Product ID 4690 from ₹243.7 to ₹290.7
2025-06-18 18:22:29,376 - INFO - Price updated for Product ID 6000 from ₹157.25 to ₹177.83
2025-06-18 18:22:29,394 - INFO - Price updated for Product ID 2335 from ₹143.95 to ₹144.37
2025-06-18 18:22:29,422 - INFO - Price updated for Product ID 5182 from ₹210.74 to ₹210.13
2025-06-18 18:22:29,440 - INFO - Price updated for Product ID 101 from ₹560.16 to ₹596.18
2025-06-18 18:22:29,459 - INFO - Price updated for Product ID 358 from ₹83.12 to ₹90.46
2025-06-18 18:22:29,472 - INFO - Price updated for Product ID 6828 from ₹294.98 to ₹340.47
2025-06-18 18:22:29,488 - INFO - Price updated for Product ID 6440 from ₹122.07 to ₹132.65
2025-06-18 18:22:29,520 - INFO - Price updated for Product ID 3730 from ₹225.43 to ₹190.11
2025-06-18 18:22:29,542 - INFO - Price updated for Product ID 2121 from ₹13.99 to ₹15.0
2025-06-18 18:22:29,560 - INFO - Price updated for Product ID 4826 from ₹96.91 to ₹87.44
2025-06-18 18:22:29,572 - INFO - Price updated for Product ID 2842 from ₹151.89 to ₹157.59
2025-06-18 18:22:29,603 - INFO - Price updated for Product ID 554 from ₹135.54 to ₹143.16
2025-06-18 18:22:29,624 - INFO - Price updated for Product ID 492 from ₹155.86 to ₹132.32
2025-06-18 18:22:29,642 - INFO - Price updated for Product ID 6245 from ₹192.73 to ₹205.12
2025-06-18 18:22:29,666 - INFO - Price updated for Product ID 1971 from ₹62.46 to ₹68.59
2025-06-18 18:22:29,687 - INFO - Price updated for Product ID 4719 from ₹293.67 to ₹281.01
2025-06-18 18:22:29,708 - INFO - Price updated for Product ID 2670 from ₹240.35 to ₹238.86
2025-06-18 18:22:29,726 - INFO - Price updated for Product ID 5238 from ₹152.5 to ₹175.79
2025-06-18 18:22:29,738 - INFO - Price updated for Product ID 1069 from ₹134.49 to ₹160.12
2025-06-18 18:22:29,755 - INFO - Price updated for Product ID 194 from ₹125.96 to ₹104.22
2025-06-18 18:22:29,786 - INFO - Price updated for Product ID 859 from ₹132.37 to ₹134.31
2025-06-18 18:22:29,806 - INFO - Price updated for Product ID 3041 from ₹294.95 to ₹240.66
2025-06-18 18:22:29,826 - INFO - Price updated for Product ID 1450 from ₹285.21 to ₹249.22
2025-06-18 18:22:29,838 - INFO - Price updated for Product ID 2303 from ₹515.28 to ₹520.26
2025-06-18 18:22:29,869 - INFO - Price updated for Product ID 2016 from ₹316.97 to ₹298.43
2025-06-18 18:22:29,890 - INFO - Price updated for Product ID 1035 from ₹365.15 to ₹389.4
2025-06-18 18:22:29,909 - INFO - Price updated for Product ID 6493 from ₹485.99 to ₹569.82
2025-06-18 18:22:29,920 - INFO - Price updated for Product ID 4021 from ₹854.75 to ₹876.47
2025-06-18 18:22:29,937 - INFO - Price updated for Product ID 1994 from ₹182.73 to ₹189.62
2025-06-18 18:22:29,969 - INFO - Price updated for Product ID 3721 from ₹1718.7 to ₹1454.88
2025-06-18 18:22:29,989 - INFO - Price updated for Product ID 6863 from ₹240.36 to ₹231.15
2025-06-18 18:22:30,009 - INFO - Price updated for Product ID 5022 from ₹423.65 to ₹387.55
2025-06-18 18:22:30,026 - INFO - Price updated for Product ID 3696 from ₹1607.91 to ₹1834.14
2025-06-18 18:22:30,038 - INFO - Price updated for Product ID 5702 from ₹219.48 to ₹249.44
2025-06-18 18:22:30,056 - INFO - Price updated for Product ID 5342 from ₹145.96 to ₹150.16
2025-06-18 18:22:30,089 - INFO - Price updated for Product ID 7831 from ₹243.3 to ₹287.95
2025-06-18 18:22:30,109 - INFO - Price updated for Product ID 4551 from ₹220.43 to ₹198.26
2025-06-18 18:22:30,130 - INFO - Price updated for Product ID 5364 from ₹185.94 to ₹212.87
2025-06-18 18:22:30,138 - INFO - Price updated for Product ID 7871 from ₹15.75 to ₹14.83
2025-06-18 18:22:30,172 - INFO - Price updated for Product ID 10 from ₹278.25 to ₹277.66
2025-06-18 18:22:30,190 - INFO - Price updated for Product ID 1708 from ₹132.35 to ₹153.03
2025-06-18 18:22:30,209 - INFO - Price updated for Product ID 2777 from ₹86.23 to ₹74.31
2025-06-18 18:22:30,220 - INFO - Price updated for Product ID 8228 from ₹250.84 to ₹233.23
2025-06-18 18:22:30,238 - INFO - Price updated for Product ID 7207 from ₹272.93 to ₹312.4
2025-06-18 18:22:30,271 - INFO - Price updated for Product ID 65 from ₹80.68 to ₹67.24
2025-06-18 18:22:30,292 - INFO - Price updated for Product ID 6099 from ₹143.74 to ₹159.31
2025-06-18 18:22:30,309 - INFO - Price updated for Product ID 3435 from ₹42.75 to ₹37.0
2025-06-18 18:22:30,320 - INFO - Price updated for Product ID 3979 from ₹810.91 to ₹742.66
2025-06-18 18:22:30,337 - INFO - Price updated for Product ID 5140 from ₹41.21 to ₹43.98
2025-06-18 18:22:30,371 - INFO - Price updated for Product ID 8075 from ₹124.56 to ₹100.58
2025-06-18 18:22:30,391 - INFO - Price updated for Product ID 1030 from ₹190.05 to ₹158.51
2025-06-18 18:22:30,409 - INFO - Price updated for Product ID 2713 from ₹98.97 to ₹87.83
2025-06-18 18:22:30,427 - INFO - Price updated for Product ID 6971 from ₹65.17 to ₹73.01
2025-06-18 18:22:30,453 - INFO - Price updated for Product ID 5435 from ₹267.04 to ₹264.47
2025-06-18 18:22:30,473 - INFO - Price updated for Product ID 5073 from ₹196.06 to ₹178.78
2025-06-18 18:22:30,492 - INFO - Price updated for Product ID 1305 from ₹288.85 to ₹234.09
2025-06-18 18:22:30,503 - INFO - Price updated for Product ID 1376 from ₹71.42 to ₹59.06
2025-06-18 18:22:30,520 - INFO - Price updated for Product ID 290 from ₹196.81 to ₹175.47
2025-06-18 18:22:30,540 - INFO - Price updated for Product ID 7669 from ₹105.17 to ₹94.26
2025-06-18 18:22:30,574 - INFO - Price updated for Product ID 5126 from ₹327.28 to ₹360.56
2025-06-18 18:22:30,594 - INFO - Price updated for Product ID 3096 from ₹116.77 to ₹113.29
2025-06-18 18:22:30,610 - INFO - Price updated for Product ID 2826 from ₹839.27 to ₹675.77
2025-06-18 18:22:30,637 - INFO - Price updated for Product ID 1346 from ₹1475.46 to ₹1486.44
2025-06-18 18:22:30,656 - INFO - Price updated for Product ID 1053 from ₹26.95 to ₹32.04
2025-06-18 18:22:30,676 - INFO - Price updated for Product ID 3955 from ₹342.41 to ₹403.66
2025-06-18 18:22:30,688 - INFO - Price updated for Product ID 4869 from ₹496.89 to ₹451.66
2025-06-18 18:22:30,719 - INFO - Price updated for Product ID 3065 from ₹235.58 to ₹224.67
2025-06-18 18:22:30,740 - INFO - Price updated for Product ID 7086 from ₹217.16 to ₹253.43
2025-06-18 18:22:30,759 - INFO - Price updated for Product ID 7282 from ₹96.2 to ₹97.05
2025-06-18 18:22:30,773 - INFO - Price updated for Product ID 7744 from ₹83.48 to ₹96.87
2025-06-18 18:22:30,787 - INFO - Price updated for Product ID 439 from ₹248.9 to ₹238.65
2025-06-18 18:22:30,821 - INFO - Price updated for Product ID 4152 from ₹29.24 to ₹25.9
2025-06-18 18:22:30,843 - INFO - Price updated for Product ID 5010 from ₹240.04 to ₹213.25
2025-06-18 18:22:30,865 - INFO - Price updated for Product ID 4358 from ₹147.47 to ₹128.68
2025-06-18 18:22:30,890 - INFO - Price updated for Product ID 7525 from ₹348.78 to ₹313.26
2025-06-18 18:22:30,915 - INFO - Price updated for Product ID 595 from ₹61.88 to ₹51.39
2025-06-18 18:22:30,937 - INFO - Price updated for Product ID 4116 from ₹254.77 to ₹218.92
2025-06-18 18:22:30,960 - INFO - Price updated for Product ID 4803 from ₹64.98 to ₹55.09
2025-06-18 18:22:30,979 - INFO - Price updated for Product ID 2891 from ₹174.61 to ₹161.17
2025-06-18 18:22:31,002 - INFO - Price updated for Product ID 110 from ₹56.32 to ₹61.88
2025-06-18 18:22:31,024 - INFO - Price updated for Product ID 8049 from ₹1471.32 to ₹1348.42
2025-06-18 18:22:31,045 - INFO - Price updated for Product ID 3419 from ₹117.95 to ₹139.5
2025-06-18 18:22:31,067 - INFO - Price updated for Product ID 586 from ₹116.32 to ₹130.84
2025-06-18 18:22:31,099 - INFO - Price updated for Product ID 3977 from ₹384.71 to ₹407.7
2025-06-18 18:22:31,129 - INFO - Price updated for Product ID 5235 from ₹217.19 to ₹192.32
2025-06-18 18:22:31,155 - INFO - Price updated for Product ID 4084 from ₹91.47 to ₹103.35
2025-06-18 18:22:31,174 - INFO - Price updated for Product ID 1993 from ₹370.73 to ₹406.49
2025-06-18 18:22:31,195 - INFO - Price updated for Product ID 1753 from ₹1572.06 to ₹1601.25
2025-06-18 18:22:31,207 - INFO - Price updated for Product ID 7653 from ₹493.89 to ₹477.34
2025-06-18 18:22:31,237 - INFO - Price updated for Product ID 1006 from ₹139.87 to ₹128.5
2025-06-18 18:22:31,257 - INFO - Price updated for Product ID 3756 from ₹136.59 to ₹146.37
2025-06-18 18:22:31,275 - INFO - Price updated for Product ID 416 from ₹39.02 to ₹38.08
2025-06-18 18:22:31,287 - INFO - Price updated for Product ID 3858 from ₹534.98 to ₹473.3
2025-06-18 18:22:31,303 - INFO - Price updated for Product ID 2183 from ₹984.24 to ₹1062.15
2025-06-18 18:22:31,322 - INFO - Price updated for Product ID 1483 from ₹262.62 to ₹254.25
2025-06-18 18:22:31,354 - INFO - Price updated for Product ID 627 from ₹1221.16 to ₹1094.17
2025-06-18 18:22:31,375 - INFO - Price updated for Product ID 1725 from ₹187.1 to ₹184.71
2025-06-18 18:22:31,394 - INFO - Price updated for Product ID 5861 from ₹670.41 to ₹803.54
2025-06-18 18:22:31,404 - INFO - Price updated for Product ID 531 from ₹62.06 to ₹54.48
2025-06-18 18:22:31,422 - INFO - Price updated for Product ID 3175 from ₹1158.14 to ₹1368.85
2025-06-18 18:22:31,454 - INFO - Price updated for Product ID 6414 from ₹1540.97 to ₹1397.44
2025-06-18 18:22:31,478 - INFO - Price updated for Product ID 2177 from ₹167.48 to ₹183.55
2025-06-18 18:22:31,498 - INFO - Price updated for Product ID 943 from ₹135.52 to ₹139.5
2025-06-18 18:22:31,521 - INFO - Price updated for Product ID 2207 from ₹797.9 to ₹849.98
2025-06-18 18:22:31,543 - INFO - Price updated for Product ID 6365 from ₹1321.31 to ₹1407.39
2025-06-18 18:22:31,561 - INFO - Price updated for Product ID 3715 from ₹198.58 to ₹191.86
2025-06-18 18:22:31,575 - INFO - Price updated for Product ID 1027 from ₹1046.91 to ₹861.29
2025-06-18 18:22:31,606 - INFO - Price updated for Product ID 942 from ₹1332.75 to ₹1392.64
2025-06-18 18:22:31,629 - INFO - Price updated for Product ID 5659 from ₹71.45 to ₹75.58
2025-06-18 18:22:31,654 - INFO - Price updated for Product ID 5096 from ₹70.45 to ₹66.47
2025-06-18 18:22:31,676 - INFO - Price updated for Product ID 7082 from ₹321.48 to ₹278.97
2025-06-18 18:22:31,698 - INFO - Price updated for Product ID 1306 from ₹196.11 to ₹176.83
2025-06-18 18:22:31,709 - INFO - Price updated for Product ID 4970 from ₹74.06 to ₹70.31
2025-06-18 18:22:31,739 - INFO - Price updated for Product ID 3499 from ₹281.74 to ₹278.74
2025-06-18 18:22:31,761 - INFO - Price updated for Product ID 704 from ₹96.7 to ₹110.87
2025-06-18 18:22:31,780 - INFO - Price updated for Product ID 3379 from ₹68.13 to ₹79.64
2025-06-18 18:22:31,802 - INFO - Price updated for Product ID 2351 from ₹257.38 to ₹226.05
2025-06-18 18:22:31,822 - INFO - Price updated for Product ID 2057 from ₹70.35 to ₹60.11
2025-06-18 18:22:31,847 - INFO - Price updated for Product ID 6728 from ₹1524.51 to ₹1691.55
2025-06-18 18:22:31,865 - INFO - Price updated for Product ID 4907 from ₹210.06 to ₹237.32
2025-06-18 18:22:31,890 - INFO - Price updated for Product ID 4158 from ₹101.85 to ₹113.46
2025-06-18 18:22:31,910 - INFO - Price updated for Product ID 542 from ₹166.05 to ₹168.46
2025-06-18 18:22:31,930 - INFO - Price updated for Product ID 5479 from ₹1046.84 to ₹1054.56
2025-06-18 18:22:31,942 - INFO - Price updated for Product ID 2018 from ₹1786.06 to ₹1460.93
2025-06-18 18:22:31,972 - INFO - Price updated for Product ID 529 from ₹122.99 to ₹114.08
2025-06-18 18:22:31,993 - INFO - Price updated for Product ID 2038 from ₹105.85 to ₹125.75
2025-06-18 18:22:32,014 - INFO - Price updated for Product ID 6892 from ₹119.76 to ₹133.72
2025-06-18 18:22:32,025 - INFO - Price updated for Product ID 507 from ₹187.45 to ₹209.71
2025-06-18 18:22:32,056 - INFO - Price updated for Product ID 5532 from ₹295.71 to ₹314.92
2025-06-18 18:22:32,077 - INFO - Price updated for Product ID 3321 from ₹2185.44 to ₹2249.72
2025-06-18 18:22:32,097 - INFO - Price updated for Product ID 3671 from ₹416.48 to ₹361.13
2025-06-18 18:22:32,118 - INFO - Price updated for Product ID 5034 from ₹127.67 to ₹140.76
2025-06-18 18:22:32,141 - INFO - Price updated for Product ID 5522 from ₹255.95 to ₹273.62
2025-06-18 18:22:32,162 - INFO - Price updated for Product ID 5083 from ₹1718.07 to ₹1503.85
2025-06-18 18:22:32,177 - INFO - Price updated for Product ID 3677 from ₹179.86 to ₹187.87
2025-06-18 18:22:32,203 - INFO - Price updated for Product ID 4087 from ₹205.51 to ₹213.37
2025-06-18 18:22:32,224 - INFO - Price updated for Product ID 4732 from ₹144.48 to ₹126.33
2025-06-18 18:22:32,246 - INFO - Price updated for Product ID 2919 from ₹284.65 to ₹303.0
2025-06-18 18:22:32,270 - INFO - Price updated for Product ID 5121 from ₹180.17 to ₹158.73
2025-06-18 18:22:32,293 - INFO - Price updated for Product ID 3324 from ₹97.66 to ₹109.7
2025-06-18 18:22:32,314 - INFO - Price updated for Product ID 1791 from ₹146.74 to ₹150.07
2025-06-18 18:22:32,336 - INFO - Price updated for Product ID 777 from ₹3819.55 to ₹3249.44
2025-06-18 18:22:32,356 - INFO - Price updated for Product ID 6059 from ₹168.22 to ₹188.77
2025-06-18 18:22:32,379 - INFO - Price updated for Product ID 6759 from ₹224.11 to ₹197.79
2025-06-18 18:22:32,396 - INFO - Price updated for Product ID 419 from ₹118.95 to ₹139.77
2025-06-18 18:22:32,421 - INFO - Price updated for Product ID 3714 from ₹126.89 to ₹116.26
2025-06-18 18:22:32,442 - INFO - Price updated for Product ID 6512 from ₹195.27 to ₹182.11
2025-06-18 18:22:32,463 - INFO - Price updated for Product ID 1281 from ₹103.42 to ₹100.66
2025-06-18 18:22:32,478 - INFO - Price updated for Product ID 4425 from ₹364.6 to ₹413.55
2025-06-18 18:22:32,504 - INFO - Price updated for Product ID 6598 from ₹279.76 to ₹283.64
2025-06-18 18:22:32,525 - INFO - Price updated for Product ID 3394 from ₹246.21 to ₹209.27
2025-06-18 18:22:32,543 - INFO - Price updated for Product ID 4429 from ₹259.84 to ₹289.86
2025-06-18 18:22:32,559 - INFO - Price updated for Product ID 3823 from ₹47.76 to ₹44.41
2025-06-18 18:22:32,585 - INFO - Price updated for Product ID 7352 from ₹248.52 to ₹273.29
2025-06-18 18:22:32,608 - INFO - Price updated for Product ID 5005 from ₹353.01 to ₹318.08
2025-06-18 18:22:32,643 - INFO - Price updated for Product ID 1292 from ₹192.7 to ₹189.02
2025-06-18 18:22:32,654 - INFO - Price updated for Product ID 8109 from ₹62.34 to ₹66.65
2025-06-18 18:22:32,678 - INFO - Price updated for Product ID 7061 from ₹1382.73 to ₹1607.29
2025-06-18 18:22:32,704 - INFO - Price updated for Product ID 5057 from ₹425.57 to ₹405.62
2025-06-18 18:22:32,723 - INFO - Price updated for Product ID 3873 from ₹414.08 to ₹493.65
2025-06-18 18:22:32,744 - INFO - Price updated for Product ID 4597 from ₹23.58 to ₹27.3
2025-06-18 18:22:32,755 - INFO - Price updated for Product ID 5219 from ₹1662.53 to ₹1687.17
2025-06-18 18:22:32,780 - INFO - Price updated for Product ID 2322 from ₹73.71 to ₹74.52
2025-06-18 18:22:32,804 - INFO - Price updated for Product ID 7608 from ₹36.52 to ₹31.79
2025-06-18 18:22:32,826 - INFO - Price updated for Product ID 3099 from ₹67.61 to ₹64.54
2025-06-18 18:22:32,844 - INFO - Price updated for Product ID 6533 from ₹391.36 to ₹399.88
2025-06-18 18:22:32,861 - INFO - Price updated for Product ID 5848 from ₹166.06 to ₹147.97
2025-06-18 18:22:32,891 - INFO - Price updated for Product ID 5013 from ₹86.89 to ₹74.37
2025-06-18 18:22:32,912 - INFO - Price updated for Product ID 5190 from ₹73.36 to ₹76.18
2025-06-18 18:22:32,930 - INFO - Price updated for Product ID 7912 from ₹199.79 to ₹188.68
2025-06-18 18:22:32,955 - INFO - Price updated for Product ID 6418 from ₹986.1 to ₹1073.05
2025-06-18 18:22:32,976 - INFO - Price updated for Product ID 7336 from ₹15.08 to ₹14.8
2025-06-18 18:22:32,992 - INFO - Price updated for Product ID 3512 from ₹193.87 to ₹184.46
2025-06-18 18:22:33,014 - INFO - Price updated for Product ID 4099 from ₹117.66 to ₹96.31
2025-06-18 18:22:33,037 - INFO - Price updated for Product ID 6772 from ₹155.79 to ₹150.35
2025-06-18 18:22:33,057 - INFO - Price updated for Product ID 4331 from ₹72.77 to ₹82.36
2025-06-18 18:22:33,078 - INFO - Price updated for Product ID 128 from ₹137.72 to ₹129.16
2025-06-18 18:22:33,092 - INFO - Price updated for Product ID 1079 from ₹57.47 to ₹53.82
2025-06-18 18:22:33,114 - INFO - Price updated for Product ID 612 from ₹422.6 to ₹492.92
2025-06-18 18:22:33,138 - INFO - Price updated for Product ID 5722 from ₹168.88 to ₹141.44
2025-06-18 18:22:33,160 - INFO - Price updated for Product ID 2488 from ₹145.28 to ₹131.9
2025-06-18 18:22:33,182 - INFO - Price updated for Product ID 5960 from ₹215.86 to ₹184.76
2025-06-18 18:22:33,204 - INFO - Price updated for Product ID 260 from ₹981.81 to ₹1093.83
2025-06-18 18:22:33,225 - INFO - Price updated for Product ID 941 from ₹436.95 to ₹455.58
2025-06-18 18:22:33,246 - INFO - Price updated for Product ID 5212 from ₹163.35 to ₹157.19
2025-06-18 18:22:33,265 - INFO - Price updated for Product ID 5902 from ₹75.56 to ₹75.89
2025-06-18 18:22:33,287 - INFO - Price updated for Product ID 7177 from ₹287.04 to ₹338.78
2025-06-18 18:22:33,312 - INFO - Price updated for Product ID 7951 from ₹269.77 to ₹234.55
2025-06-18 18:22:33,331 - INFO - Price updated for Product ID 4637 from ₹208.31 to ₹190.28
2025-06-18 18:22:33,355 - INFO - Price updated for Product ID 6215 from ₹135.91 to ₹120.57
2025-06-18 18:22:33,378 - INFO - Price updated for Product ID 6380 from ₹212.49 to ₹185.3
2025-06-18 18:22:33,398 - INFO - Price updated for Product ID 4939 from ₹78.42 to ₹83.43
2025-06-18 18:22:33,419 - INFO - Price updated for Product ID 310 from ₹86.14 to ₹85.95
2025-06-18 18:22:33,440 - INFO - Price updated for Product ID 1697 from ₹30.39 to ₹26.83
2025-06-18 18:22:33,461 - INFO - Price updated for Product ID 6855 from ₹288.64 to ₹273.45
2025-06-18 18:22:33,480 - INFO - Price updated for Product ID 6546 from ₹51.87 to ₹50.1
2025-06-18 18:22:33,504 - INFO - Price updated for Product ID 6637 from ₹224.99 to ₹197.42
2025-06-18 18:22:33,524 - INFO - Price updated for Product ID 6820 from ₹286.81 to ₹303.54
2025-06-18 18:22:33,547 - INFO - Price updated for Product ID 5694 from ₹1848.78 to ₹1775.42
2025-06-18 18:22:33,564 - INFO - Price updated for Product ID 2886 from ₹1892.3 to ₹2189.58
2025-06-18 18:22:33,589 - INFO - Price updated for Product ID 4053 from ₹151.66 to ₹172.21
2025-06-18 18:22:33,611 - INFO - Price updated for Product ID 5283 from ₹266.94 to ₹251.01
2025-06-18 18:22:33,630 - INFO - Price updated for Product ID 6203 from ₹1265.42 to ₹1407.81
2025-06-18 18:22:33,641 - INFO - Price updated for Product ID 1088 from ₹41.31 to ₹40.8
2025-06-18 18:22:33,676 - INFO - Price updated for Product ID 8235 from ₹1186.18 to ₹1275.89
2025-06-18 18:22:33,697 - INFO - Price updated for Product ID 711 from ₹113.35 to ₹94.36
2025-06-18 18:22:33,713 - INFO - Price updated for Product ID 3311 from ₹150.55 to ₹136.38
2025-06-18 18:22:33,739 - INFO - Price updated for Product ID 3131 from ₹78.35 to ₹78.14
2025-06-18 18:22:33,761 - INFO - Price updated for Product ID 5737 from ₹1704.11 to ₹1407.64
2025-06-18 18:22:33,781 - INFO - Price updated for Product ID 1702 from ₹1651.27 to ₹1880.12
2025-06-18 18:22:33,805 - INFO - Price updated for Product ID 7420 from ₹106.43 to ₹99.15
2025-06-18 18:22:33,827 - INFO - Price updated for Product ID 1434 from ₹780.33 to ₹824.97
2025-06-18 18:22:33,846 - INFO - Price updated for Product ID 8236 from ₹1622.82 to ₹1787.8
2025-06-18 18:22:33,872 - INFO - Price updated for Product ID 3152 from ₹159.62 to ₹141.24
2025-06-18 18:22:33,895 - INFO - Price updated for Product ID 2272 from ₹1433.39 to ₹1271.06
2025-06-18 18:22:33,920 - INFO - Price updated for Product ID 4886 from ₹176.22 to ₹174.59
2025-06-18 18:22:33,942 - INFO - Price updated for Product ID 1465 from ₹395.86 to ₹362.71
2025-06-18 18:22:33,971 - INFO - Price updated for Product ID 4500 from ₹329.88 to ₹311.4
2025-06-18 18:22:34,000 - INFO - Price updated for Product ID 575 from ₹205.17 to ₹223.69
2025-06-18 18:22:34,038 - INFO - Price updated for Product ID 4890 from ₹1242.23 to ₹1090.47
2025-06-18 18:22:34,059 - INFO - Price updated for Product ID 7674 from ₹504.21 to ₹406.58
2025-06-18 18:22:34,081 - INFO - Price updated for Product ID 4728 from ₹155.58 to ₹180.51
2025-06-18 18:22:34,090 - INFO - Price updated for Product ID 3034 from ₹321.2 to ₹334.68
2025-06-18 18:22:34,125 - INFO - Price updated for Product ID 3532 from ₹243.65 to ₹258.44
2025-06-18 18:22:34,143 - INFO - Price updated for Product ID 6817 from ₹319.9 to ₹347.82
2025-06-18 18:22:34,154 - INFO - Price updated for Product ID 2414 from ₹44.57 to ₹44.09
2025-06-18 18:22:34,181 - INFO - Price updated for Product ID 7877 from ₹428.88 to ₹474.15
2025-06-18 18:22:34,206 - INFO - Price updated for Product ID 7949 from ₹190.89 to ₹221.13
2025-06-18 18:22:34,226 - INFO - Price updated for Product ID 6248 from ₹99.98 to ₹80.92
2025-06-18 18:22:34,244 - INFO - Price updated for Product ID 7799 from ₹140.23 to ₹153.91
2025-06-18 18:22:34,268 - INFO - Price updated for Product ID 7074 from ₹158.38 to ₹141.53
2025-06-18 18:22:34,290 - INFO - Price updated for Product ID 411 from ₹130.15 to ₹136.56
2025-06-18 18:22:34,310 - INFO - Price updated for Product ID 1002 from ₹137.58 to ₹147.17
2025-06-18 18:22:34,327 - INFO - Price updated for Product ID 6581 from ₹799.74 to ₹930.83
2025-06-18 18:22:34,337 - INFO - Price updated for Product ID 7154 from ₹851.46 to ₹1000.03
2025-06-18 18:22:34,369 - INFO - Price updated for Product ID 2225 from ₹33.69 to ₹35.33
2025-06-18 18:22:34,390 - INFO - Price updated for Product ID 363 from ₹305.12 to ₹307.6
2025-06-18 18:22:34,410 - INFO - Price updated for Product ID 5181 from ₹299.71 to ₹245.51
2025-06-18 18:22:34,427 - INFO - Price updated for Product ID 4274 from ₹112.36 to ₹98.08
2025-06-18 18:22:34,447 - INFO - Price updated for Product ID 160 from ₹58.49 to ₹54.72
2025-06-18 18:22:34,462 - INFO - Price updated for Product ID 7512 from ₹254.99 to ₹264.5
2025-06-18 18:22:34,488 - INFO - Price updated for Product ID 732 from ₹162.21 to ₹193.84
2025-06-18 18:22:34,509 - INFO - Price updated for Product ID 7206 from ₹1663.81 to ₹1656.04
2025-06-18 18:22:34,527 - INFO - Price updated for Product ID 6634 from ₹1246.11 to ₹1196.19
2025-06-18 18:22:34,539 - INFO - Price updated for Product ID 2233 from ₹67.13 to ₹70.72
2025-06-18 18:22:34,572 - INFO - Price updated for Product ID 5772 from ₹308.09 to ₹277.89
2025-06-18 18:22:34,593 - INFO - Price updated for Product ID 4390 from ₹252.05 to ₹288.09
2025-06-18 18:22:34,610 - INFO - Price updated for Product ID 4341 from ₹214.14 to ₹250.09
2025-06-18 18:22:34,621 - INFO - Price updated for Product ID 3913 from ₹65.86 to ₹56.22
2025-06-18 18:22:34,640 - INFO - Price updated for Product ID 5030 from ₹14.8 to ₹16.74
2025-06-18 18:22:34,670 - INFO - Price updated for Product ID 6501 from ₹449.8 to ₹488.08
2025-06-18 18:22:34,693 - INFO - Price updated for Product ID 573 from ₹58.31 to ₹57.36
2025-06-18 18:22:34,711 - INFO - Price updated for Product ID 4855 from ₹249.86 to ₹240.49
2025-06-18 18:22:34,722 - INFO - Price updated for Product ID 5474 from ₹87.17 to ₹81.5
2025-06-18 18:22:34,754 - INFO - Price updated for Product ID 4071 from ₹121.04 to ₹98.14
2025-06-18 18:22:34,773 - INFO - Price updated for Product ID 405 from ₹1551.49 to ₹1576.11
2025-06-18 18:22:34,793 - INFO - Price updated for Product ID 7995 from ₹169.64 to ₹151.55
2025-06-18 18:22:34,804 - INFO - Price updated for Product ID 2958 from ₹10.63 to ₹9.9
2025-06-18 18:22:34,821 - INFO - Price updated for Product ID 2949 from ₹49.54 to ₹52.92
2025-06-18 18:22:34,858 - INFO - Price updated for Product ID 1912 from ₹1540.46 to ₹1768.77
2025-06-18 18:22:34,878 - INFO - Price updated for Product ID 3472 from ₹36.0 to ₹33.93
2025-06-18 18:22:34,893 - INFO - Price updated for Product ID 4313 from ₹1388.19 to ₹1651.13
2025-06-18 18:22:34,919 - INFO - Price updated for Product ID 816 from ₹181.82 to ₹153.29
2025-06-18 18:22:34,941 - INFO - Price updated for Product ID 1547 from ₹74.12 to ₹65.64
2025-06-18 18:22:34,959 - INFO - Price updated for Product ID 1495 from ₹247.38 to ₹265.56
2025-06-18 18:22:34,971 - INFO - Price updated for Product ID 1470 from ₹73.05 to ₹71.76
2025-06-18 18:22:34,988 - INFO - Price updated for Product ID 7900 from ₹254.73 to ₹227.81
2025-06-18 18:22:35,024 - INFO - Price updated for Product ID 5838 from ₹186.94 to ₹166.71
2025-06-18 18:22:35,043 - INFO - Price updated for Product ID 3967 from ₹126.96 to ₹123.85
2025-06-18 18:22:35,065 - INFO - Price updated for Product ID 7961 from ₹426.05 to ₹479.2
2025-06-18 18:22:35,088 - INFO - Price updated for Product ID 5043 from ₹355.01 to ₹352.78
2025-06-18 18:22:35,108 - INFO - Price updated for Product ID 7802 from ₹158.82 to ₹186.03
2025-06-18 18:22:35,127 - INFO - Price updated for Product ID 7145 from ₹251.89 to ₹295.1
2025-06-18 18:22:35,138 - INFO - Price updated for Product ID 2280 from ₹140.22 to ₹120.05
2025-06-18 18:22:35,170 - INFO - Price updated for Product ID 7359 from ₹210.69 to ₹204.62
2025-06-18 18:22:35,192 - INFO - Price updated for Product ID 1953 from ₹135.97 to ₹137.72
2025-06-18 18:22:35,210 - INFO - Price updated for Product ID 7700 from ₹712.24 to ₹653.57
2025-06-18 18:22:35,221 - INFO - Price updated for Product ID 695 from ₹331.6 to ₹275.53
2025-06-18 18:22:35,240 - INFO - Price updated for Product ID 4222 from ₹1834.57 to ₹1754.74
2025-06-18 18:22:35,273 - INFO - Price updated for Product ID 8070 from ₹178.78 to ₹198.7
2025-06-18 18:22:35,294 - INFO - Price updated for Product ID 4417 from ₹493.68 to ₹550.68
2025-06-18 18:22:35,314 - INFO - Price updated for Product ID 4046 from ₹113.34 to ₹105.97
2025-06-18 18:22:35,322 - INFO - Price updated for Product ID 4045 from ₹101.66 to ₹81.83
2025-06-18 18:22:35,355 - INFO - Price updated for Product ID 2438 from ₹47.21 to ₹38.66
2025-06-18 18:22:35,377 - INFO - Price updated for Product ID 5363 from ₹92.25 to ₹89.82
2025-06-18 18:22:35,391 - INFO - Price updated for Product ID 6657 from ₹472.93 to ₹513.92
2025-06-18 18:22:35,423 - INFO - Price updated for Product ID 4889 from ₹137.29 to ₹159.55
2025-06-18 18:22:35,443 - INFO - Price updated for Product ID 922 from ₹16.97 to ₹16.52
2025-06-18 18:22:35,460 - INFO - Price updated for Product ID 70 from ₹130.23 to ₹136.72
2025-06-18 18:22:35,483 - INFO - Price updated for Product ID 4649 from ₹1232.95 to ₹1025.29
2025-06-18 18:22:35,503 - INFO - Price updated for Product ID 3296 from ₹79.41 to ₹85.32
2025-06-18 18:22:35,528 - INFO - Price updated for Product ID 1883 from ₹185.82 to ₹167.65
2025-06-18 18:22:35,544 - INFO - Price updated for Product ID 6383 from ₹1852.85 to ₹1924.04
2025-06-18 18:22:35,554 - INFO - Price updated for Product ID 3824 from ₹258.8 to ₹264.02
2025-06-18 18:22:35,587 - INFO - Price updated for Product ID 1619 from ₹53.94 to ₹56.28
2025-06-18 18:22:35,630 - INFO - Price updated for Product ID 2448 from ₹382.98 to ₹317.11
2025-06-18 18:22:35,655 - INFO - Price updated for Product ID 4484 from ₹2088.55 to ₹2333.26
2025-06-18 18:22:35,677 - INFO - Price updated for Product ID 6304 from ₹135.19 to ₹114.15
2025-06-18 18:22:35,688 - INFO - Price updated for Product ID 407 from ₹121.86 to ₹144.14
2025-06-18 18:22:35,704 - INFO - Price updated for Product ID 5974 from ₹23.56 to ₹19.24
2025-06-18 18:22:35,736 - INFO - Price updated for Product ID 4972 from ₹140.28 to ₹161.32
2025-06-18 18:22:35,758 - INFO - Price updated for Product ID 5237 from ₹219.84 to ₹222.75
2025-06-18 18:22:35,778 - INFO - Price updated for Product ID 1856 from ₹202.35 to ₹210.67
2025-06-18 18:22:35,794 - INFO - Price updated for Product ID 4717 from ₹167.87 to ₹183.41
2025-06-18 18:22:35,804 - INFO - Price updated for Product ID 3519 from ₹34.45 to ₹40.3
2025-06-18 18:22:35,837 - INFO - Price updated for Product ID 5740 from ₹1362.64 to ₹1292.78
2025-06-18 18:22:35,859 - INFO - Price updated for Product ID 5370 from ₹178.22 to ₹151.92
2025-06-18 18:22:35,877 - INFO - Price updated for Product ID 1096 from ₹1459.64 to ₹1438.54
2025-06-18 18:22:35,898 - INFO - Price updated for Product ID 3441 from ₹286.68 to ₹266.24
2025-06-18 18:22:35,914 - INFO - Price updated for Product ID 3479 from ₹263.28 to ₹285.07
2025-06-18 18:22:35,940 - INFO - Price updated for Product ID 1462 from ₹20.31 to ₹20.39
2025-06-18 18:22:35,960 - INFO - Price updated for Product ID 307 from ₹939.16 to ₹1028.6
2025-06-18 18:22:35,977 - INFO - Price updated for Product ID 2311 from ₹1365.44 to ₹1475.4
2025-06-18 18:22:35,988 - INFO - Price updated for Product ID 5078 from ₹1560.4 to ₹1652.12
2025-06-18 18:22:36,021 - INFO - Price updated for Product ID 3987 from ₹57.53 to ₹58.11
2025-06-18 18:22:36,041 - INFO - Price updated for Product ID 2418 from ₹340.12 to ₹289.12
2025-06-18 18:22:36,062 - INFO - Price updated for Product ID 526 from ₹91.18 to ₹99.24
2025-06-18 18:22:36,078 - INFO - Price updated for Product ID 5209 from ₹173.03 to ₹203.87
2025-06-18 18:22:36,103 - INFO - Price updated for Product ID 6896 from ₹133.09 to ₹159.01
2025-06-18 18:22:36,123 - INFO - Price updated for Product ID 4375 from ₹207.58 to ₹199.9
2025-06-18 18:22:36,144 - INFO - Price updated for Product ID 2096 from ₹29.84 to ₹31.97
2025-06-18 18:22:36,161 - INFO - Price updated for Product ID 3449 from ₹268.47 to ₹321.37
2025-06-18 18:22:36,185 - INFO - Price updated for Product ID 1532 from ₹73.76 to ₹80.28
2025-06-18 18:22:36,206 - INFO - Price updated for Product ID 1352 from ₹168.94 to ₹197.0
2025-06-18 18:22:36,226 - INFO - Price updated for Product ID 7457 from ₹1357.46 to ₹1179.86
2025-06-18 18:22:36,244 - INFO - Price updated for Product ID 2830 from ₹286.85 to ₹287.18
2025-06-18 18:22:36,261 - INFO - Price updated for Product ID 5690 from ₹1779.6 to ₹1771.81
2025-06-18 18:22:36,285 - INFO - Price updated for Product ID 736 from ₹1349.97 to ₹1286.43
2025-06-18 18:22:36,306 - INFO - Price updated for Product ID 3710 from ₹48.42 to ₹44.56
2025-06-18 18:22:36,325 - INFO - Price updated for Product ID 473 from ₹46.69 to ₹43.46
2025-06-18 18:22:36,338 - INFO - Price updated for Product ID 4581 from ₹86.8 to ₹71.58
2025-06-18 18:22:36,354 - INFO - Price updated for Product ID 4848 from ₹176.14 to ₹199.32
2025-06-18 18:22:36,372 - INFO - Price updated for Product ID 1961 from ₹92.05 to ₹106.65
2025-06-18 18:22:36,404 - INFO - Price updated for Product ID 7333 from ₹43.17 to ₹38.14
2025-06-18 18:22:36,426 - INFO - Price updated for Product ID 7834 from ₹1722.35 to ₹2035.13
2025-06-18 18:22:36,444 - INFO - Price updated for Product ID 2711 from ₹2397.57 to ₹2658.52
2025-06-18 18:22:36,455 - INFO - Price updated for Product ID 7971 from ₹271.62 to ₹223.95
2025-06-18 18:22:36,485 - INFO - Price updated for Product ID 863 from ₹1542.36 to ₹1565.93
2025-06-18 18:22:36,505 - INFO - Price updated for Product ID 113 from ₹28.79 to ₹34.22
2025-06-18 18:22:36,526 - INFO - Price updated for Product ID 8218 from ₹1892.16 to ₹1860.32
2025-06-18 18:22:36,544 - INFO - Price updated for Product ID 5085 from ₹398.76 to ₹417.33
2025-06-18 18:22:36,554 - INFO - Price updated for Product ID 5175 from ₹249.58 to ₹251.7
2025-06-18 18:22:36,586 - INFO - Price updated for Product ID 5423 from ₹154.79 to ₹176.24
2025-06-18 18:22:36,608 - INFO - Price updated for Product ID 1311 from ₹42.45 to ₹36.27
2025-06-18 18:22:36,627 - INFO - Price updated for Product ID 89 from ₹52.1 to ₹59.35
2025-06-18 18:22:36,639 - INFO - Price updated for Product ID 214 from ₹733.52 to ₹728.62
2025-06-18 18:22:36,656 - INFO - Price updated for Product ID 5272 from ₹237.53 to ₹260.63
2025-06-18 18:22:36,686 - INFO - Price updated for Product ID 4279 from ₹351.09 to ₹417.38
2025-06-18 18:22:36,708 - INFO - Price updated for Product ID 4482 from ₹142.1 to ₹168.38
2025-06-18 18:22:36,762 - INFO - Price updated for Product ID 1730 from ₹242.37 to ₹279.34
2025-06-18 18:22:36,781 - INFO - Price updated for Product ID 3097 from ₹273.33 to ₹269.35
2025-06-18 18:22:36,801 - INFO - Price updated for Product ID 4832 from ₹82.13 to ₹71.08
2025-06-18 18:22:36,820 - INFO - Price updated for Product ID 5317 from ₹67.05 to ₹80.05
2025-06-18 18:22:36,841 - INFO - Price updated for Product ID 6188 from ₹74.85 to ₹68.85
2025-06-18 18:22:36,855 - INFO - Price updated for Product ID 807 from ₹115.59 to ₹124.39
2025-06-18 18:22:36,871 - INFO - Price updated for Product ID 1950 from ₹109.16 to ₹121.7
2025-06-18 18:22:36,902 - INFO - Price updated for Product ID 2774 from ₹18.51 to ₹19.52
2025-06-18 18:22:36,922 - INFO - Price updated for Product ID 5035 from ₹289.46 to ₹313.3
2025-06-18 18:22:36,943 - INFO - Price updated for Product ID 3895 from ₹45.58 to ₹43.1
2025-06-18 18:22:36,962 - INFO - Price updated for Product ID 3 from ₹189.34 to ₹165.3
2025-06-18 18:22:36,984 - INFO - Price updated for Product ID 5373 from ₹207.38 to ₹220.52
2025-06-18 18:22:37,004 - INFO - Price updated for Product ID 5614 from ₹206.6 to ₹229.91
2025-06-18 18:22:37,027 - INFO - Price updated for Product ID 6410 from ₹1919.0 to ₹1841.36
2025-06-18 18:22:37,047 - INFO - Price updated for Product ID 5711 from ₹250.97 to ₹207.06
2025-06-18 18:22:37,068 - INFO - Price updated for Product ID 7776 from ₹296.24 to ₹255.15
2025-06-18 18:22:37,088 - INFO - Price updated for Product ID 4507 from ₹280.35 to ₹311.15
2025-06-18 18:22:37,111 - INFO - Price updated for Product ID 6908 from ₹1720.49 to ₹1772.3
2025-06-18 18:22:37,131 - INFO - Price updated for Product ID 2361 from ₹170.62 to ₹179.75
2025-06-18 18:22:37,151 - INFO - Price updated for Product ID 7334 from ₹148.84 to ₹123.07
2025-06-18 18:22:37,171 - INFO - Price updated for Product ID 839 from ₹904.01 to ₹982.96
2025-06-18 18:22:37,191 - INFO - Price updated for Product ID 3270 from ₹87.98 to ₹73.63
2025-06-18 18:22:37,213 - INFO - Price updated for Product ID 1966 from ₹214.91 to ₹188.3
2025-06-18 18:22:37,233 - INFO - Price updated for Product ID 3915 from ₹123.79 to ₹101.56
2025-06-18 18:22:37,241 - INFO - Job "scheduled_price_update (trigger: interval[0:01:00], next run at: 2025-06-18 18:23:26 IST)" executed successfully
2025-06-18 18:22:42,037 - INFO - Shutting down...
2025-06-18 18:22:42,037 - INFO - Scheduler has been shut down
2025-06-18 18:22:42,037 - INFO - Scheduler shutdown complete.
2025-06-18 18:22:42,895 - INFO - Database engine created successfully
2025-06-18 18:22:43,071 - INFO - Starting up...
2025-06-18 18:22:43,084 - INFO - Database tables created or already exist.
2025-06-18 18:22:43,095 - INFO - Retrieved 40 categories from database.
2025-06-18 18:22:43,095 - INFO - Found 40 existing categories.
2025-06-18 18:22:43,095 - INFO - Scheduler is enabled.
2025-06-18 18:22:43,098 - INFO - Adding job tentatively -- it will be properly scheduled when the scheduler starts
2025-06-18 18:22:43,098 - INFO - Adding job tentatively -- it will be properly scheduled when the scheduler starts
2025-06-18 18:22:43,098 - INFO - Adding job tentatively -- it will be properly scheduled when the scheduler starts
2025-06-18 18:22:43,099 - INFO - Added job "scheduled_generate_product" to job store "default"
2025-06-18 18:22:43,100 - INFO - Added job "scheduled_price_update" to job store "default"
2025-06-18 18:22:43,100 - INFO - Added job "scheduled_stock_update" to job store "default"
2025-06-18 18:22:43,100 - INFO - Scheduler started
2025-06-18 18:22:43,100 - INFO - Scheduler jobs started.
2025-06-18 18:23:13,112 - INFO - Running job "scheduled_generate_product (trigger: interval[0:00:30], next run at: 2025-06-18 18:23:13 IST)" (scheduled at 2025-06-18 18:23:13.098066+05:30)
2025-06-18 18:23:13,112 - INFO - Retrieved 40 categories from database.
2025-06-18 18:23:13,112 - INFO - Generating 72 new products...
2025-06-18 18:23:13,112 - INFO - Generating 72 product(s)...
2025-06-18 18:23:13,162 - INFO - Successfully created 72 products.
2025-06-18 18:23:13,162 - INFO - Job "scheduled_generate_product (trigger: interval[0:00:30], next run at: 2025-06-18 18:23:43 IST)" executed successfully
2025-06-18 18:23:34,598 - INFO - Root endpoint accessed.
2025-06-18 18:23:35,732 - INFO - Root endpoint accessed.
2025-06-18 18:23:43,100 - INFO - Running job "scheduled_generate_product (trigger: interval[0:00:30], next run at: 2025-06-18 18:24:13 IST)" (scheduled at 2025-06-18 18:23:43.098066+05:30)
2025-06-18 18:23:43,100 - INFO - Running job "scheduled_price_update (trigger: interval[0:01:00], next run at: 2025-06-18 18:24:43 IST)" (scheduled at 2025-06-18 18:23:43.098066+05:30)
2025-06-18 18:23:43,100 - INFO - Retrieved 40 categories from database.
2025-06-18 18:23:43,100 - INFO - Generating 57 new products...
2025-06-18 18:23:43,100 - INFO - Generating 57 product(s)...
2025-06-18 18:23:43,215 - INFO - Successfully created 57 products.
2025-06-18 18:23:43,216 - INFO - Job "scheduled_generate_product (trigger: interval[0:00:30], next run at: 2025-06-18 18:24:13 IST)" executed successfully
2025-06-18 18:23:43,433 - INFO - Retrieved 8464 products
2025-06-18 18:23:43,433 - INFO - Updating product prices...
2025-06-18 18:23:43,433 - INFO - Starting batch price update...
2025-06-18 18:23:43,506 - INFO - Price updated for Product ID 5250 from ₹191.13 to ₹217.31
2025-06-18 18:23:43,546 - INFO - Price updated for Product ID 2116 from ₹221.74 to ₹197.36
2025-06-18 18:23:43,566 - INFO - Price updated for Product ID 3961 from ₹459.33 to ₹406.4
2025-06-18 18:23:43,601 - INFO - Price updated for Product ID 1701 from ₹275.24 to ₹315.21
2025-06-18 18:23:43,620 - INFO - Price updated for Product ID 6425 from ₹84.72 to ₹95.54
2025-06-18 18:23:43,659 - INFO - Price updated for Product ID 55 from ₹23.47 to ₹25.25
2025-06-18 18:23:43,683 - INFO - Price updated for Product ID 357 from ₹287.74 to ₹293.71
2025-06-18 18:23:43,723 - INFO - Price updated for Product ID 4710 from ₹271.78 to ₹287.46
2025-06-18 18:23:43,771 - INFO - Price updated for Product ID 5935 from ₹113.05 to ₹109.25
2025-06-18 18:23:43,799 - INFO - Price updated for Product ID 4115 from ₹51.11 to ₹50.11
2025-06-18 18:23:43,840 - INFO - Price updated for Product ID 2283 from ₹103.94 to ₹110.95
2025-06-18 18:23:43,866 - INFO - Price updated for Product ID 695 from ₹275.53 to ₹307.32
2025-06-18 18:23:43,910 - INFO - Price updated for Product ID 7798 from ₹188.04 to ₹197.7
2025-06-18 18:23:43,938 - INFO - Price updated for Product ID 1489 from ₹43.38 to ₹43.13
2025-06-18 18:23:43,983 - INFO - Price updated for Product ID 7829 from ₹62.12 to ₹69.09
2025-06-18 18:23:44,021 - INFO - Price updated for Product ID 4757 from ₹287.97 to ₹279.23
2025-06-18 18:23:44,048 - INFO - Price updated for Product ID 1427 from ₹107.26 to ₹117.25
2025-06-18 18:23:44,090 - INFO - Price updated for Product ID 1849 from ₹155.38 to ₹173.38
2025-06-18 18:23:44,138 - INFO - Price updated for Product ID 7916 from ₹137.45 to ₹133.34
2025-06-18 18:23:44,183 - INFO - Price updated for Product ID 6661 from ₹64.04 to ₹66.2
2025-06-18 18:23:44,236 - INFO - Price updated for Product ID 4135 from ₹100.51 to ₹108.89
2025-06-18 18:23:44,278 - INFO - Price updated for Product ID 4577 from ₹155.89 to ₹138.42
2025-06-18 18:23:44,324 - INFO - Price updated for Product ID 5738 from ₹338.09 to ₹400.23
2025-06-18 18:23:44,348 - INFO - Price updated for Product ID 5600 from ₹17.31 to ₹19.02
2025-06-18 18:23:44,406 - INFO - Price updated for Product ID 3931 from ₹154.34 to ₹177.97
2025-06-18 18:23:44,451 - INFO - Price updated for Product ID 8118 from ₹273.1 to ₹316.32
2025-06-18 18:23:44,490 - INFO - Price updated for Product ID 147 from ₹295.1 to ₹292.26
2025-06-18 18:23:44,529 - INFO - Price updated for Product ID 2396 from ₹1074.43 to ₹912.46
2025-06-18 18:23:44,579 - INFO - Price updated for Product ID 8196 from ₹144.09 to ₹135.11
2025-06-18 18:23:44,620 - INFO - Price updated for Product ID 6572 from ₹312.12 to ₹264.47
2025-06-18 18:23:44,649 - INFO - Price updated for Product ID 3917 from ₹86.98 to ₹91.62
2025-06-18 18:23:44,707 - INFO - Price updated for Product ID 1661 from ₹51.7 to ₹47.48
2025-06-18 18:23:44,757 - INFO - Price updated for Product ID 347 from ₹201.33 to ₹162.41
2025-06-18 18:23:44,805 - INFO - Price updated for Product ID 3774 from ₹117.23 to ₹133.06
2025-06-18 18:23:44,852 - INFO - Price updated for Product ID 7511 from ₹299.53 to ₹341.98
2025-06-18 18:23:44,882 - INFO - Price updated for Product ID 59 from ₹409.49 to ₹447.01
2025-06-18 18:23:44,923 - INFO - Price updated for Product ID 5303 from ₹148.04 to ₹177.23
2025-06-18 18:23:44,952 - INFO - Price updated for Product ID 2103 from ₹211.09 to ₹230.58
2025-06-18 18:23:44,976 - INFO - Price updated for Product ID 2727 from ₹254.19 to ₹293.11
2025-06-18 18:23:45,017 - INFO - Price updated for Product ID 5644 from ₹177.89 to ₹203.67
2025-06-18 18:23:45,056 - INFO - Price updated for Product ID 2869 from ₹1695.34 to ₹2012.94
2025-06-18 18:23:45,098 - INFO - Price updated for Product ID 5529 from ₹145.38 to ₹174.17
2025-06-18 18:23:45,134 - INFO - Price updated for Product ID 7106 from ₹106.04 to ₹113.0
2025-06-18 18:23:45,167 - INFO - Price updated for Product ID 688 from ₹22.69 to ₹25.57
2025-06-18 18:23:45,200 - INFO - Price updated for Product ID 1249 from ₹132.53 to ₹151.41
2025-06-18 18:23:45,234 - INFO - Price updated for Product ID 2444 from ₹141.26 to ₹116.88
2025-06-18 18:23:45,278 - INFO - Price updated for Product ID 6710 from ₹224.24 to ₹216.9
2025-06-18 18:23:45,318 - INFO - Price updated for Product ID 1077 from ₹361.14 to ₹358.16
2025-06-18 18:23:45,350 - INFO - Price updated for Product ID 7703 from ₹162.82 to ₹141.78
2025-06-18 18:23:45,381 - INFO - Price updated for Product ID 4965 from ₹19.18 to ₹15.8
2025-06-18 18:23:45,390 - INFO - Job "scheduled_price_update (trigger: interval[0:01:00], next run at: 2025-06-18 18:24:43 IST)" executed successfully
2025-06-18 18:24:13,104 - INFO - Running job "scheduled_generate_product (trigger: interval[0:00:30], next run at: 2025-06-18 18:24:43 IST)" (scheduled at 2025-06-18 18:24:13.098066+05:30)
2025-06-18 18:24:13,104 - INFO - Running job "scheduled_stock_update (trigger: interval[0:01:30], next run at: 2025-06-18 18:25:43 IST)" (scheduled at 2025-06-18 18:24:13.098066+05:30)
2025-06-18 18:24:13,104 - INFO - Retrieved 40 categories from database.
2025-06-18 18:24:13,104 - INFO - Generating 76 new products...
2025-06-18 18:24:13,104 - INFO - Generating 76 product(s)...
2025-06-18 18:24:13,286 - INFO - Successfully created 76 products.
2025-06-18 18:24:13,286 - INFO - Job "scheduled_generate_product (trigger: interval[0:00:30], next run at: 2025-06-18 18:24:43 IST)" executed successfully
2025-06-18 18:24:13,506 - INFO - Retrieved 8521 products
2025-06-18 18:24:13,506 - INFO - Updating product stock quantities...
2025-06-18 18:24:13,506 - INFO - Starting batch stock update...
2025-06-18 18:24:13,574 - INFO - Stock updated for Product ID 8332 to 37
2025-06-18 18:24:13,631 - INFO - Stock updated for Product ID 6361 to 54
2025-06-18 18:24:13,663 - INFO - Stock updated for Product ID 5271 to 1031
2025-06-18 18:24:13,690 - INFO - Stock updated for Product ID 5972 to 106
2025-06-18 18:24:13,735 - INFO - Stock updated for Product ID 5104 to 430
2025-06-18 18:24:13,774 - INFO - Stock updated for Product ID 7039 to 542
2025-06-18 18:24:13,795 - INFO - Stock updated for Product ID 2120 to 547
2025-06-18 18:24:13,838 - INFO - Stock updated for Product ID 541 to 716
2025-06-18 18:24:13,877 - INFO - Stock updated for Product ID 2475 to 134
2025-06-18 18:24:13,926 - INFO - Stock updated for Product ID 6669 to 504
2025-06-18 18:24:13,971 - INFO - Stock updated for Product ID 4245 to 527
2025-06-18 18:24:14,026 - INFO - Stock updated for Product ID 6296 to 381
2025-06-18 18:24:14,076 - INFO - Stock updated for Product ID 6743 to 767
2025-06-18 18:24:14,126 - INFO - Stock updated for Product ID 1753 to 2
2025-06-18 18:24:14,169 - INFO - Stock updated for Product ID 2591 to 296
2025-06-18 18:24:14,216 - INFO - Stock updated for Product ID 2101 to 402
2025-06-18 18:24:14,264 - INFO - Stock updated for Product ID 2147 to 971
2025-06-18 18:24:14,315 - INFO - Stock updated for Product ID 6395 to 716
2025-06-18 18:24:14,360 - INFO - Stock updated for Product ID 5440 to 72
2025-06-18 18:24:14,408 - INFO - Stock updated for Product ID 411 to 284
2025-06-18 18:24:14,438 - INFO - Stock updated for Product ID 8213 to 504
2025-06-18 18:24:14,499 - INFO - Stock updated for Product ID 3537 to 573
2025-06-18 18:24:14,544 - INFO - Stock updated for Product ID 3036 to 544
2025-06-18 18:24:14,589 - INFO - Stock updated for Product ID 3859 to 169
2025-06-18 18:24:14,640 - INFO - Stock updated for Product ID 5148 to 621
2025-06-18 18:24:14,687 - INFO - Stock updated for Product ID 2076 to 786
2025-06-18 18:24:14,730 - INFO - Stock updated for Product ID 8022 to 11
2025-06-18 18:24:14,765 - INFO - Stock updated for Product ID 27 to 1985
2025-06-18 18:24:14,795 - INFO - Stock updated for Product ID 6483 to 953
2025-06-18 18:24:14,821 - INFO - Stock updated for Product ID 3853 to 517
2025-06-18 18:24:14,861 - INFO - Stock updated for Product ID 4134 to 498
2025-06-18 18:24:14,895 - INFO - Stock updated for Product ID 6450 to 845
2025-06-18 18:24:14,937 - INFO - Stock updated for Product ID 6323 to 227
2025-06-18 18:24:14,973 - INFO - Stock updated for Product ID 6538 to 875
2025-06-18 18:24:15,001 - INFO - Stock updated for Product ID 1339 to 1002
2025-06-18 18:24:15,035 - INFO - Stock updated for Product ID 8007 to 92
2025-06-18 18:24:15,080 - INFO - Stock updated for Product ID 7813 to 384
2025-06-18 18:24:15,121 - INFO - Stock updated for Product ID 6658 to 811
2025-06-18 18:24:15,162 - INFO - Stock updated for Product ID 6781 to 615
2025-06-18 18:24:15,199 - INFO - Stock updated for Product ID 3943 to 1005
2025-06-18 18:24:15,238 - INFO - Stock updated for Product ID 4629 to 621
2025-06-18 18:24:15,276 - INFO - Stock updated for Product ID 7353 to 617
2025-06-18 18:24:15,309 - INFO - Stock updated for Product ID 6965 to 251
2025-06-18 18:24:15,349 - INFO - Stock updated for Product ID 7484 to 645
2025-06-18 18:24:15,386 - INFO - Stock updated for Product ID 5303 to 149
2025-06-18 18:24:15,424 - INFO - Stock updated for Product ID 3477 to 365
2025-06-18 18:24:15,468 - INFO - Stock updated for Product ID 7993 to 542
2025-06-18 18:24:15,511 - INFO - Stock updated for Product ID 7141 to 614
2025-06-18 18:24:15,538 - INFO - Stock updated for Product ID 7730 to 930
2025-06-18 18:24:15,566 - INFO - Stock updated for Product ID 7661 to 614
2025-06-18 18:24:15,580 - INFO - Job "scheduled_stock_update (trigger: interval[0:01:30], next run at: 2025-06-18 18:25:43 IST)" executed successfully
2025-06-18 18:24:43,111 - INFO - Running job "scheduled_generate_product (trigger: interval[0:00:30], next run at: 2025-06-18 18:25:13 IST)" (scheduled at 2025-06-18 18:24:43.098066+05:30)
2025-06-18 18:24:43,112 - INFO - Running job "scheduled_price_update (trigger: interval[0:01:00], next run at: 2025-06-18 18:25:43 IST)" (scheduled at 2025-06-18 18:24:43.098066+05:30)
2025-06-18 18:24:43,114 - INFO - Retrieved 40 categories from database.
2025-06-18 18:24:43,114 - INFO - Generating 29 new products...
2025-06-18 18:24:43,122 - INFO - Generating 29 product(s)...
2025-06-18 18:24:43,181 - INFO - Successfully created 29 products.
2025-06-18 18:24:43,181 - INFO - Job "scheduled_generate_product (trigger: interval[0:00:30], next run at: 2025-06-18 18:25:13 IST)" executed successfully
2025-06-18 18:24:43,441 - INFO - Retrieved 8597 products
2025-06-18 18:24:43,441 - INFO - Updating product prices...
2025-06-18 18:24:43,441 - INFO - Starting batch price update...
2025-06-18 18:24:43,513 - INFO - Price updated for Product ID 7606 from ₹11.89 to ₹11.93
2025-06-18 18:24:43,562 - INFO - Price updated for Product ID 4758 from ₹76.38 to ₹79.44
2025-06-18 18:24:43,610 - INFO - Price updated for Product ID 1316 from ₹233.82 to ₹251.24
2025-06-18 18:24:43,636 - INFO - Price updated for Product ID 326 from ₹1249.47 to ₹1108.38
2025-06-18 18:24:43,678 - INFO - Price updated for Product ID 7928 from ₹199.58 to ₹220.32
2025-06-18 18:24:43,724 - INFO - Price updated for Product ID 2678 from ₹236.38 to ₹211.19
2025-06-18 18:24:43,769 - INFO - Price updated for Product ID 2064 from ₹130.32 to ₹128.84
2025-06-18 18:24:43,814 - INFO - Price updated for Product ID 8596 from ₹392.27 to ₹462.26
2025-06-18 18:24:43,850 - INFO - Price updated for Product ID 7549 from ₹101.08 to ₹86.52
2025-06-18 18:24:43,882 - INFO - Price updated for Product ID 1413 from ₹142.18 to ₹148.47
2025-06-18 18:24:43,904 - INFO - Price updated for Product ID 3176 from ₹147.27 to ₹164.31
2025-06-18 18:24:43,941 - INFO - Price updated for Product ID 7538 from ₹1429.58 to ₹1262.53
2025-06-18 18:24:43,991 - INFO - Price updated for Product ID 1060 from ₹354.11 to ₹314.47
2025-06-18 18:24:44,039 - INFO - Price updated for Product ID 4143 from ₹212.6 to ₹241.65
2025-06-18 18:24:44,080 - INFO - Price updated for Product ID 5042 from ₹1799.37 to ₹1584.64
2025-06-18 18:24:44,128 - INFO - Price updated for Product ID 1437 from ₹70.4 to ₹69.73
2025-06-18 18:24:44,168 - INFO - Price updated for Product ID 4138 from ₹428.71 to ₹407.76
2025-06-18 18:24:44,215 - INFO - Price updated for Product ID 4397 from ₹481.83 to ₹400.75
2025-06-18 18:24:44,243 - INFO - Price updated for Product ID 3570 from ₹179.37 to ₹175.94
2025-06-18 18:24:44,282 - INFO - Price updated for Product ID 8323 from ₹99.45 to ₹113.89
2025-06-18 18:24:44,336 - INFO - Price updated for Product ID 7090 from ₹398.96 to ₹421.66
2025-06-18 18:24:44,377 - INFO - Price updated for Product ID 1312 from ₹333.76 to ₹354.24
2025-06-18 18:24:44,428 - INFO - Price updated for Product ID 4973 from ₹202.2 to ₹241.54
2025-06-18 18:24:44,480 - INFO - Price updated for Product ID 8575 from ₹265.66 to ₹229.5
2025-06-18 18:24:44,532 - INFO - Price updated for Product ID 4656 from ₹1509.48 to ₹1789.41
2025-06-18 18:24:44,584 - INFO - Price updated for Product ID 3805 from ₹181.01 to ₹146.88
2025-06-18 18:24:44,636 - INFO - Price updated for Product ID 496 from ₹289.07 to ₹274.18
2025-06-18 18:24:44,684 - INFO - Price updated for Product ID 4331 from ₹82.36 to ₹89.9
2025-06-18 18:24:44,726 - INFO - Price updated for Product ID 5267 from ₹113.12 to ₹128.31
2025-06-18 18:24:44,774 - INFO - Price updated for Product ID 5788 from ₹164.99 to ₹137.34
2025-06-18 18:24:44,825 - INFO - Price updated for Product ID 2571 from ₹1481.71 to ₹1410.7
2025-06-18 18:24:44,869 - INFO - Price updated for Product ID 2545 from ₹217.63 to ₹252.7
2025-06-18 18:24:44,899 - INFO - Price updated for Product ID 2881 from ₹1330.82 to ₹1207.52
2025-06-18 18:24:44,949 - INFO - Price updated for Product ID 4056 from ₹267.97 to ₹275.35
2025-06-18 18:24:45,001 - INFO - Price updated for Product ID 3331 from ₹155.31 to ₹181.89
2025-06-18 18:24:45,047 - INFO - Price updated for Product ID 6719 from ₹1218.62 to ₹1158.17
2025-06-18 18:24:45,082 - INFO - Price updated for Product ID 5541 from ₹266.69 to ₹319.82
2025-06-18 18:24:45,140 - INFO - Price updated for Product ID 4074 from ₹271.45 to ₹229.84
2025-06-18 18:24:45,187 - INFO - Price updated for Product ID 3234 from ₹11.28 to ₹10.34
2025-06-18 18:24:45,236 - INFO - Price updated for Product ID 6503 from ₹17.13 to ₹19.08
2025-06-18 18:24:45,284 - INFO - Price updated for Product ID 2038 from ₹125.75 to ₹104.27
2025-06-18 18:24:45,320 - INFO - Price updated for Product ID 1214 from ₹78.19 to ₹68.38
2025-06-18 18:24:45,363 - INFO - Price updated for Product ID 2606 from ₹650.93 to ₹731.96
2025-06-18 18:24:45,410 - INFO - Price updated for Product ID 8092 from ₹954.25 to ₹904.11
2025-06-18 18:24:45,432 - INFO - Price updated for Product ID 217 from ₹101.08 to ₹94.69
2025-06-18 18:24:45,469 - INFO - Price updated for Product ID 3549 from ₹427.27 to ₹490.53
2025-06-18 18:24:45,515 - INFO - Price updated for Product ID 2868 from ₹16.23 to ₹19.23
2025-06-18 18:24:45,571 - INFO - Price updated for Product ID 3593 from ₹157.17 to ₹162.49
2025-06-18 18:24:45,603 - INFO - Price updated for Product ID 7287 from ₹66.0 to ₹77.97
2025-06-18 18:24:45,633 - INFO - Price updated for Product ID 6293 from ₹988.41 to ₹1100.21
2025-06-18 18:24:45,660 - INFO - Job "scheduled_price_update (trigger: interval[0:01:00], next run at: 2025-06-18 18:25:43 IST)" executed successfully
2025-06-18 18:24:56,350 - INFO - Creating product: Slipstreams
2025-06-18 18:24:56,354 - INFO - Product created manually: ID=8627, Name=Slipstreams
2025-06-18 18:25:13,110 - INFO - Running job "scheduled_generate_product (trigger: interval[0:00:30], next run at: 2025-06-18 18:25:43 IST)" (scheduled at 2025-06-18 18:25:13.098066+05:30)
2025-06-18 18:25:13,110 - INFO - Retrieved 40 categories from database.
2025-06-18 18:25:13,110 - INFO - Generating 42 new products...
2025-06-18 18:25:13,110 - INFO - Generating 42 product(s)...
2025-06-18 18:25:13,153 - INFO - Successfully created 42 products.
2025-06-18 18:25:13,169 - INFO - Job "scheduled_generate_product (trigger: interval[0:00:30], next run at: 2025-06-18 18:25:43 IST)" executed successfully
2025-06-18 18:25:43,103 - INFO - Running job "scheduled_generate_product (trigger: interval[0:00:30], next run at: 2025-06-18 18:26:13 IST)" (scheduled at 2025-06-18 18:25:43.098066+05:30)
2025-06-18 18:25:43,103 - INFO - Running job "scheduled_price_update (trigger: interval[0:01:00], next run at: 2025-06-18 18:26:43 IST)" (scheduled at 2025-06-18 18:25:43.098066+05:30)
2025-06-18 18:25:43,103 - INFO - Running job "scheduled_stock_update (trigger: interval[0:01:30], next run at: 2025-06-18 18:27:13 IST)" (scheduled at 2025-06-18 18:25:43.098066+05:30)
2025-06-18 18:25:43,103 - INFO - Retrieved 40 categories from database.
2025-06-18 18:25:43,108 - INFO - Generating 48 new products...
2025-06-18 18:25:43,108 - INFO - Generating 48 product(s)...
2025-06-18 18:25:43,169 - INFO - Successfully created 48 products.
2025-06-18 18:25:43,169 - INFO - Job "scheduled_generate_product (trigger: interval[0:00:30], next run at: 2025-06-18 18:26:13 IST)" executed successfully
2025-06-18 18:25:43,419 - INFO - Retrieved 8669 products
2025-06-18 18:25:43,419 - INFO - Updating product stock quantities...
2025-06-18 18:25:43,419 - INFO - Starting batch stock update...
2025-06-18 18:25:43,457 - INFO - Stock updated for Product ID 4858 to 783
2025-06-18 18:25:43,485 - INFO - Stock updated for Product ID 1887 to 481
2025-06-18 18:25:43,615 - INFO - Retrieved 8669 products
2025-06-18 18:25:43,616 - INFO - Updating product prices...
2025-06-18 18:25:43,616 - INFO - Starting batch price update...
2025-06-18 18:25:43,618 - INFO - Stock updated for Product ID 6377 to 648
2025-06-18 18:25:43,651 - INFO - Stock updated for Product ID 7405 to 796
2025-06-18 18:25:43,663 - INFO - Price updated for Product ID 4328 from ₹50.81 to ₹57.38
2025-06-18 18:25:43,701 - INFO - Price updated for Product ID 6573 from ₹49.72 to ₹50.89
2025-06-18 18:25:43,702 - INFO - Stock updated for Product ID 231 to 462
2025-06-18 18:25:43,737 - INFO - Stock updated for Product ID 1276 to 383
2025-06-18 18:25:43,737 - INFO - Price updated for Product ID 7709 from ₹137.95 to ₹125.69
2025-06-18 18:25:43,773 - INFO - Stock updated for Product ID 3327 to 1024
2025-06-18 18:25:43,774 - INFO - Price updated for Product ID 8018 from ₹132.16 to ₹136.3
2025-06-18 18:25:43,809 - INFO - Stock updated for Product ID 6864 to 792
2025-06-18 18:25:43,809 - INFO - Price updated for Product ID 3907 from ₹290.83 to ₹288.52
2025-06-18 18:25:43,846 - INFO - Stock updated for Product ID 6437 to 79
2025-06-18 18:25:43,847 - INFO - Price updated for Product ID 5479 from ₹1054.56 to ₹986.11
2025-06-18 18:25:43,881 - INFO - Stock updated for Product ID 1064 to 913
2025-06-18 18:25:43,882 - INFO - Price updated for Product ID 7816 from ₹536.99 to ₹630.6
2025-06-18 18:25:43,916 - INFO - Price updated for Product ID 8173 from ₹137.51 to ₹117.52
2025-06-18 18:25:43,916 - INFO - Stock updated for Product ID 7946 to 733
2025-06-18 18:25:43,951 - INFO - Price updated for Product ID 315 from ₹184.48 to ₹200.2
2025-06-18 18:25:43,965 - INFO - Stock updated for Product ID 7539 to 133
2025-06-18 18:25:44,023 - INFO - Stock updated for Product ID 7328 to 965
2025-06-18 18:25:44,023 - INFO - Price updated for Product ID 7582 from ₹1752.84 to ₹2079.44
2025-06-18 18:25:44,055 - INFO - Stock updated for Product ID 1820 to 843
2025-06-18 18:25:44,060 - INFO - Price updated for Product ID 2793 from ₹105.12 to ₹99.18
2025-06-18 18:25:44,096 - INFO - Stock updated for Product ID 7472 to 704
2025-06-18 18:25:44,097 - INFO - Price updated for Product ID 2480 from ₹194.78 to ₹222.67
2025-06-18 18:25:44,134 - INFO - Price updated for Product ID 4137 from ₹149.07 to ₹175.99
2025-06-18 18:25:44,134 - INFO - Stock updated for Product ID 5212 to 936
2025-06-18 18:25:44,156 - INFO - Stock updated for Product ID 1068 to 0
2025-06-18 18:25:44,169 - INFO - Price updated for Product ID 6521 from ₹47.29 to ₹51.88
2025-06-18 18:25:44,186 - INFO - Stock updated for Product ID 5131 to 772
2025-06-18 18:25:44,223 - INFO - Price updated for Product ID 3372 from ₹123.51 to ₹128.24
2025-06-18 18:25:44,224 - INFO - Stock updated for Product ID 2873 to 340
2025-06-18 18:25:44,252 - INFO - Price updated for Product ID 8137 from ₹1569.82 to ₹1835.76
2025-06-18 18:25:44,252 - INFO - Stock updated for Product ID 5890 to 931
2025-06-18 18:25:44,291 - INFO - Stock updated for Product ID 4498 to 694
2025-06-18 18:25:44,291 - INFO - Price updated for Product ID 6100 from ₹202.51 to ₹183.21
2025-06-18 18:25:44,331 - INFO - Stock updated for Product ID 2772 to 1113
2025-06-18 18:25:44,331 - INFO - Price updated for Product ID 6173 from ₹58.28 to ₹68.66
2025-06-18 18:25:44,366 - INFO - Stock updated for Product ID 5676 to 363
2025-06-18 18:25:44,366 - INFO - Price updated for Product ID 653 from ₹663.73 to ₹724.1
2025-06-18 18:25:44,401 - INFO - Stock updated for Product ID 6328 to 31
2025-06-18 18:25:44,401 - INFO - Price updated for Product ID 6759 from ₹197.79 to ₹214.81
2025-06-18 18:25:44,434 - INFO - Stock updated for Product ID 7826 to 72
2025-06-18 18:25:44,434 - INFO - Price updated for Product ID 7908 from ₹1536.24 to ₹1801.66
2025-06-18 18:25:44,467 - INFO - Stock updated for Product ID 7960 to 456
2025-06-18 18:25:44,467 - INFO - Price updated for Product ID 2875 from ₹260.82 to ₹285.97
2025-06-18 18:25:44,510 - INFO - Stock updated for Product ID 6188 to 1045
2025-06-18 18:25:44,510 - INFO - Price updated for Product ID 3323 from ₹94.95 to ₹103.53
2025-06-18 18:25:44,547 - INFO - Price updated for Product ID 5879 from ₹86.07 to ₹72.05
2025-06-18 18:25:44,547 - INFO - Stock updated for Product ID 935 to 576
2025-06-18 18:25:44,582 - INFO - Price updated for Product ID 6066 from ₹124.28 to ₹120.31
2025-06-18 18:25:44,583 - INFO - Stock updated for Product ID 580 to 585
2025-06-18 18:25:44,620 - INFO - Price updated for Product ID 2462 from ₹20.47 to ₹22.29
2025-06-18 18:25:44,621 - INFO - Stock updated for Product ID 2884 to 875
2025-06-18 18:25:44,654 - INFO - Stock updated for Product ID 541 to 756
2025-06-18 18:25:44,654 - INFO - Price updated for Product ID 3048 from ₹152.84 to ₹141.08
2025-06-18 18:25:44,681 - INFO - Stock updated for Product ID 3256 to 883
2025-06-18 18:25:44,681 - INFO - Price updated for Product ID 7853 from ₹193.79 to ₹213.28
2025-06-18 18:25:44,715 - INFO - Stock updated for Product ID 6112 to 921
2025-06-18 18:25:44,715 - INFO - Price updated for Product ID 1176 from ₹24.35 to ₹23.44
2025-06-18 18:25:44,752 - INFO - Stock updated for Product ID 5947 to 764
2025-06-18 18:25:44,752 - INFO - Price updated for Product ID 5120 from ₹140.18 to ₹137.48
2025-06-18 18:25:44,785 - INFO - Stock updated for Product ID 6895 to 840
2025-06-18 18:25:44,797 - INFO - Price updated for Product ID 5849 from ₹816.48 to ₹653.47
2025-06-18 18:25:44,828 - INFO - Price updated for Product ID 3080 from ₹2027.52 to ₹1721.12
2025-06-18 18:25:44,829 - INFO - Stock updated for Product ID 2523 to 290
2025-06-18 18:25:44,865 - INFO - Price updated for Product ID 2510 from ₹447.23 to ₹366.94
2025-06-18 18:25:44,865 - INFO - Stock updated for Product ID 1920 to 869
2025-06-18 18:25:44,900 - INFO - Price updated for Product ID 2502 from ₹811.61 to ₹771.82
2025-06-18 18:25:44,901 - INFO - Stock updated for Product ID 4343 to 680
2025-06-18 18:25:44,932 - INFO - Stock updated for Product ID 2415 to 287
2025-06-18 18:25:44,932 - INFO - Price updated for Product ID 5184 from ₹1640.17 to ₹1694.37
2025-06-18 18:25:44,969 - INFO - Price updated for Product ID 8667 from ₹73.02 to ₹87.22
2025-06-18 18:25:44,970 - INFO - Stock updated for Product ID 5536 to 966
2025-06-18 18:25:45,004 - INFO - Price updated for Product ID 4635 from ₹52.89 to ₹47.08
2025-06-18 18:25:45,005 - INFO - Stock updated for Product ID 3162 to 519
2025-06-18 18:25:45,039 - INFO - Price updated for Product ID 8332 from ₹882.97 to ₹758.27
2025-06-18 18:25:45,039 - INFO - Stock updated for Product ID 5341 to 760
2025-06-18 18:25:45,073 - INFO - Stock updated for Product ID 3952 to 799
2025-06-18 18:25:45,073 - INFO - Price updated for Product ID 1118 from ₹415.39 to ₹402.53
2025-06-18 18:25:45,106 - INFO - Stock updated for Product ID 1586 to 930
2025-06-18 18:25:45,106 - INFO - Price updated for Product ID 2148 from ₹150.89 to ₹162.22
2025-06-18 18:25:45,141 - INFO - Stock updated for Product ID 3834 to 806
2025-06-18 18:25:45,142 - INFO - Price updated for Product ID 4927 from ₹960.48 to ₹1007.54
2025-06-18 18:25:45,164 - INFO - Stock updated for Product ID 2464 to 675
2025-06-18 18:25:45,164 - INFO - Price updated for Product ID 4673 from ₹232.58 to ₹223.48
2025-06-18 18:25:45,202 - INFO - Stock updated for Product ID 5704 to 1064
2025-06-18 18:25:45,202 - INFO - Price updated for Product ID 1535 from ₹14.92 to ₹12.99
2025-06-18 18:25:45,234 - INFO - Stock updated for Product ID 6510 to 167
2025-06-18 18:25:45,234 - INFO - Price updated for Product ID 1486 from ₹404.62 to ₹455.62
2025-06-18 18:25:45,275 - INFO - Stock updated for Product ID 401 to 866
2025-06-18 18:25:45,276 - INFO - Price updated for Product ID 6021 from ₹234.02 to ₹252.3
2025-06-18 18:25:45,309 - INFO - Stock updated for Product ID 4236 to 861
2025-06-18 18:25:45,309 - INFO - Price updated for Product ID 1373 from ₹122.95 to ₹114.71
2025-06-18 18:25:45,317 - INFO - Job "scheduled_stock_update (trigger: interval[0:01:30], next run at: 2025-06-18 18:27:13 IST)" executed successfully
2025-06-18 18:25:45,337 - INFO - Price updated for Product ID 3940 from ₹1808.44 to ₹1521.76
2025-06-18 18:25:45,354 - INFO - Price updated for Product ID 5242 from ₹68.21 to ₹58.14
2025-06-18 18:25:45,365 - INFO - Price updated for Product ID 8428 from ₹17.63 to ₹19.35
2025-06-18 18:25:45,400 - INFO - Price updated for Product ID 8294 from ₹262.26 to ₹219.48
2025-06-18 18:25:45,403 - INFO - Job "scheduled_price_update (trigger: interval[0:01:00], next run at: 2025-06-18 18:26:43 IST)" executed successfully
2025-06-18 18:26:13,100 - INFO - Running job "scheduled_generate_product (trigger: interval[0:00:30], next run at: 2025-06-18 18:26:43 IST)" (scheduled at 2025-06-18 18:26:13.098066+05:30)
2025-06-18 18:26:13,104 - INFO - Retrieved 40 categories from database.
2025-06-18 18:26:13,104 - INFO - Generating 100 new products...
2025-06-18 18:26:13,104 - INFO - Generating 100 product(s)...
2025-06-18 18:26:13,204 - INFO - Successfully created 100 products.
2025-06-18 18:26:13,204 - INFO - Job "scheduled_generate_product (trigger: interval[0:00:30], next run at: 2025-06-18 18:26:43 IST)" executed successfully
2025-06-18 18:26:20,600 - INFO - Fetching products | page=1, per_page=10, search='Slipstreams', sort_by='created_at', sort_dir='desc'
2025-06-18 18:26:20,600 - INFO - Fetching paginated products | Skip=0, Limit=10, Search=Slipstreams, Sort=created_at desc, Filters={'min_price': None, 'max_price': None, 'category_id': None, 'in_stock_only': False}
2025-06-18 18:26:20,626 - INFO - Returning 1 products out of total 1
2025-06-18 18:26:20,626 - INFO - Found 1 products (Total: 1, Total Pages: 1)
2025-06-18 18:26:43,105 - INFO - Running job "scheduled_generate_product (trigger: interval[0:00:30], next run at: 2025-06-18 18:27:13 IST)" (scheduled at 2025-06-18 18:26:43.098066+05:30)
2025-06-18 18:26:43,105 - INFO - Running job "scheduled_price_update (trigger: interval[0:01:00], next run at: 2025-06-18 18:27:43 IST)" (scheduled at 2025-06-18 18:26:43.098066+05:30)
2025-06-18 18:26:43,109 - INFO - Retrieved 40 categories from database.
2025-06-18 18:26:43,110 - INFO - Generating 30 new products...
2025-06-18 18:26:43,112 - INFO - Generating 30 product(s)...
2025-06-18 18:26:43,167 - INFO - Successfully created 30 products.
2025-06-18 18:26:43,168 - INFO - Job "scheduled_generate_product (trigger: interval[0:00:30], next run at: 2025-06-18 18:27:13 IST)" executed successfully
2025-06-18 18:26:43,459 - INFO - Retrieved 8817 products
2025-06-18 18:26:43,459 - INFO - Updating product prices...
2025-06-18 18:26:43,459 - INFO - Starting batch price update...
2025-06-18 18:26:43,511 - INFO - Price updated for Product ID 965 from ₹241.93 to ₹228.25
2025-06-18 18:26:43,548 - INFO - Price updated for Product ID 7052 from ₹164.04 to ₹169.19
2025-06-18 18:26:43,592 - INFO - Price updated for Product ID 344 from ₹673.5 to ₹541.94
2025-06-18 18:26:43,625 - INFO - Price updated for Product ID 8497 from ₹469.71 to ₹523.87
2025-06-18 18:26:43,669 - INFO - Price updated for Product ID 8363 from ₹77.14 to ₹75.95
2025-06-18 18:26:43,709 - INFO - Price updated for Product ID 5764 from ₹76.28 to ₹65.89
2025-06-18 18:26:43,740 - INFO - Price updated for Product ID 1932 from ₹256.09 to ₹242.81
2025-06-18 18:26:43,772 - INFO - Price updated for Product ID 1748 from ₹74.15 to ₹67.76
2025-06-18 18:26:43,804 - INFO - Price updated for Product ID 6395 from ₹105.6 to ₹111.41
2025-06-18 18:26:43,831 - INFO - Price updated for Product ID 7382 from ₹287.72 to ₹332.88
2025-06-18 18:26:43,857 - INFO - Price updated for Product ID 4270 from ₹300.27 to ₹307.91
2025-06-18 18:26:43,902 - INFO - Price updated for Product ID 4907 from ₹237.32 to ₹232.52
2025-06-18 18:26:43,952 - INFO - Price updated for Product ID 2407 from ₹127.58 to ₹126.21
2025-06-18 18:26:44,005 - INFO - Price updated for Product ID 7887 from ₹285.82 to ₹338.8
2025-06-18 18:26:44,051 - INFO - Price updated for Product ID 1750 from ₹76.05 to ₹81.1
2025-06-18 18:26:44,091 - INFO - Price updated for Product ID 7306 from ₹270.91 to ₹294.27
2025-06-18 18:26:44,129 - INFO - Price updated for Product ID 199 from ₹147.55 to ₹142.06
2025-06-18 18:26:44,155 - INFO - Price updated for Product ID 2134 from ₹442.24 to ₹506.25
2025-06-18 18:26:44,181 - INFO - Price updated for Product ID 4022 from ₹115.54 to ₹114.39
2025-06-18 18:26:44,209 - INFO - Price updated for Product ID 5802 from ₹1799.88 to ₹1633.78
2025-06-18 18:26:44,241 - INFO - Price updated for Product ID 2604 from ₹203.68 to ₹191.95
2025-06-18 18:26:44,276 - INFO - Price updated for Product ID 3978 from ₹277.43 to ₹324.13
2025-06-18 18:26:44,306 - INFO - Price updated for Product ID 4027 from ₹244.01 to ₹207.8
2025-06-18 18:26:44,342 - INFO - Price updated for Product ID 5336 from ₹371.44 to ₹430.45
2025-06-18 18:26:44,379 - INFO - Price updated for Product ID 1787 from ₹135.31 to ₹139.07
2025-06-18 18:26:44,409 - INFO - Price updated for Product ID 65 from ₹67.24 to ₹69.01
2025-06-18 18:26:44,430 - INFO - Price updated for Product ID 3175 from ₹1368.85 to ₹1528.07
2025-06-18 18:26:44,463 - INFO - Price updated for Product ID 4921 from ₹1291.03 to ₹1501.2
2025-06-18 18:26:44,504 - INFO - Price updated for Product ID 3462 from ₹180.53 to ₹209.11
2025-06-18 18:26:44,537 - INFO - Price updated for Product ID 4148 from ₹82.49 to ₹71.34
2025-06-18 18:26:44,589 - INFO - Price updated for Product ID 6784 from ₹132.13 to ₹120.88
2025-06-18 18:26:44,622 - INFO - Price updated for Product ID 7257 from ₹137.57 to ₹133.47
2025-06-18 18:26:44,646 - INFO - Price updated for Product ID 2675 from ₹128.66 to ₹149.33
2025-06-18 18:26:44,676 - INFO - Price updated for Product ID 7144 from ₹23.05 to ₹23.44
2025-06-18 18:26:44,707 - INFO - Price updated for Product ID 1433 from ₹219.66 to ₹188.73
2025-06-18 18:26:44,743 - INFO - Price updated for Product ID 684 from ₹911.38 to ₹1039.68
2025-06-18 18:26:44,772 - INFO - Price updated for Product ID 8282 from ₹186.19 to ₹181.12
2025-06-18 18:26:44,815 - INFO - Price updated for Product ID 6099 from ₹159.31 to ₹181.77
2025-06-18 18:26:44,861 - INFO - Price updated for Product ID 887 from ₹52.11 to ₹53.8
2025-06-18 18:26:44,901 - INFO - Price updated for Product ID 2452 from ₹48.43 to ₹44.06
2025-06-18 18:26:44,948 - INFO - Price updated for Product ID 1632 from ₹2202.26 to ₹2303.25
2025-06-18 18:26:44,996 - INFO - Price updated for Product ID 2623 from ₹153.78 to ₹166.03
2025-06-18 18:26:45,043 - INFO - Price updated for Product ID 5310 from ₹172.97 to ₹194.14
2025-06-18 18:26:45,082 - INFO - Price updated for Product ID 4940 from ₹904.95 to ₹842.05
2025-06-18 18:26:45,123 - INFO - Price updated for Product ID 7248 from ₹299.75 to ₹359.69
2025-06-18 18:26:45,168 - INFO - Price updated for Product ID 6617 from ₹10.6 to ₹10.55
2025-06-18 18:26:45,228 - INFO - Price updated for Product ID 3774 from ₹133.06 to ₹116.67
2025-06-18 18:26:45,259 - INFO - Price updated for Product ID 4848 from ₹199.32 to ₹204.51
2025-06-18 18:26:45,292 - INFO - Price updated for Product ID 7907 from ₹14.13 to ₹13.8
2025-06-18 18:26:45,326 - INFO - Price updated for Product ID 5949 from ₹16.3 to ₹16.28
2025-06-18 18:26:45,342 - INFO - Job "scheduled_price_update (trigger: interval[0:01:00], next run at: 2025-06-18 18:27:43 IST)" executed successfully
2025-06-18 18:27:03,518 - INFO - Shutting down...
2025-06-18 18:27:03,518 - INFO - Scheduler has been shut down
2025-06-18 18:27:03,518 - INFO - Scheduler shutdown complete.
